Job ID: 23995524
Host: cpu-25-2
CPUs: 128
Repo root: /lustre/work/mabdella/Analytical_Modeling/GeothermicsPaper
Start: Fri Apr 17 01:57:19 CDT 2026
Python: /home/mabdella/miniforge3/envs/jupyternotebook/bin/python
Python 3.13.5
imports ok
[1/1024] run=015 seed=115 best_J=0.0244643 elapsed=4.0m eta=4105.2m
[2/1024] run=009 seed=109 best_J=0.023906 elapsed=4.1m eta=2071.0m
[3/1024] run=004 seed=104 best_J=0.0257331 elapsed=4.1m eta=1390.9m
[4/1024] run=013 seed=113 best_J=0.0256733 elapsed=4.1m eta=1044.5m
[5/1024] run=012 seed=112 best_J=0.0244778 elapsed=4.1m eta=835.1m
[6/1024] run=011 seed=111 best_J=0.0269718 elapsed=4.1m eta=695.9m
[7/1024] run=014 seed=114 best_J=0.0257894 elapsed=4.1m eta=596.3m
[8/1024] run=010 seed=110 best_J=0.027612 elapsed=4.1m eta=521.8m
[9/1024] run=007 seed=107 best_J=0.0270618 elapsed=4.1m eta=464.5m
[10/1024] run=001 seed=101 best_J=0.0255895 elapsed=4.1m eta=418.1m
[11/1024] run=005 seed=105 best_J=0.0264559 elapsed=4.1m eta=379.9m
[12/1024] run=016 seed=116 best_J=0.0272261 elapsed=4.2m eta=351.2m
[13/1024] run=002 seed=102 best_J=0.0273602 elapsed=4.2m eta=324.1m
[14/1024] run=006 seed=106 best_J=0.0264443 elapsed=4.2m eta=301.1m
[15/1024] run=003 seed=103 best_J=0.0264428 elapsed=4.2m eta=281.2m
[16/1024] run=008 seed=108 best_J=0.0275478 elapsed=4.2m eta=264.4m
[17/1024] run=020 seed=120 best_J=0.0259648 elapsed=8.0m eta=475.3m
[18/1024] run=023 seed=123 best_J=0.0252825 elapsed=8.0m eta=449.0m
[19/1024] run=021 seed=121 best_J=0.026495 elapsed=8.1m eta=426.7m
[20/1024] run=017 seed=117 best_J=0.0271187 elapsed=8.1m eta=406.3m
[21/1024] run=024 seed=124 best_J=0.0248915 elapsed=8.1m eta=386.9m
[22/1024] run=019 seed=119 best_J=0.0275654 elapsed=8.1m eta=370.8m
[23/1024] run=022 seed=122 best_J=0.0256605 elapsed=8.1m eta=354.4m
[24/1024] run=025 seed=125 best_J=0.0256386 elapsed=8.2m eta=339.6m
[25/1024] run=029 seed=129 best_J=0.0269643 elapsed=8.2m eta=325.9m
[26/1024] run=018 seed=118 best_J=0.0251443 elapsed=8.2m eta=314.7m
[27/1024] run=028 seed=128 best_J=0.0254667 elapsed=8.2m eta=303.6m
[28/1024] run=026 seed=126 best_J=0.026216 elapsed=8.2m eta=293.4m
[29/1024] run=032 seed=132 best_J=0.025799 elapsed=8.3m eta=284.3m
[30/1024] run=027 seed=127 best_J=0.0243882 elapsed=8.3m eta=274.7m
[31/1024] run=030 seed=130 best_J=0.0256962 elapsed=8.3m eta=266.9m
[32/1024] run=031 seed=131 best_J=0.0240876 elapsed=8.3m eta=258.4m
[33/1024] run=036 seed=136 best_J=0.0252629 elapsed=12.0m eta=360.3m
[34/1024] run=034 seed=134 best_J=0.0260608 elapsed=12.1m eta=351.6m
[35/1024] run=035 seed=135 best_J=0.0238002 elapsed=12.1m eta=342.2m
[36/1024] run=041 seed=141 best_J=0.0259499 elapsed=12.1m eta=332.8m
[37/1024] run=033 seed=133 best_J=0.0264241 elapsed=12.2m eta=324.3m
[38/1024] run=042 seed=142 best_J=0.0267163 elapsed=12.2m eta=315.8m
[39/1024] run=040 seed=140 best_J=0.0241401 elapsed=12.2m eta=307.9m
[40/1024] run=037 seed=137 best_J=0.0251445 elapsed=12.2m eta=300.9m
[41/1024] run=039 seed=139 best_J=0.0246432 elapsed=12.2m eta=293.7m
[42/1024] run=038 seed=138 best_J=0.0244581 elapsed=12.3m eta=286.5m
[43/1024] run=048 seed=148 best_J=0.027143 elapsed=12.4m eta=282.0m
[44/1024] run=045 seed=145 best_J=0.0237205 elapsed=12.4m eta=275.9m
[45/1024] run=046 seed=146 best_J=0.023929 elapsed=12.4m eta=269.7m
[46/1024] run=043 seed=143 best_J=0.0267501 elapsed=12.4m eta=263.7m
[47/1024] run=044 seed=144 best_J=0.0266661 elapsed=12.4m eta=258.3m
[48/1024] run=047 seed=147 best_J=0.026717 elapsed=12.5m eta=254.2m
[49/1024] run=049 seed=149 best_J=0.0248927 elapsed=16.1m eta=319.4m
[50/1024] run=050 seed=150 best_J=0.0252064 elapsed=16.2m eta=315.6m
[51/1024] run=053 seed=153 best_J=0.0282096 elapsed=16.2m eta=309.2m
[52/1024] run=051 seed=151 best_J=0.0260361 elapsed=16.3m eta=304.0m
[53/1024] run=055 seed=155 best_J=0.0273326 elapsed=16.3m eta=298.3m
[54/1024] run=054 seed=154 best_J=0.0252885 elapsed=16.3m eta=293.3m
[55/1024] run=062 seed=162 best_J=0.0268727 elapsed=16.3m eta=287.8m
[56/1024] run=052 seed=152 best_J=0.0270715 elapsed=16.3m eta=282.6m
[57/1024] run=056 seed=156 best_J=0.0266743 elapsed=16.4m eta=278.0m
[58/1024] run=057 seed=157 best_J=0.0262309 elapsed=16.4m eta=273.0m
[59/1024] run=060 seed=160 best_J=0.0260269 elapsed=16.4m eta=268.5m
[60/1024] run=058 seed=158 best_J=0.0242202 elapsed=16.4m eta=263.9m
[61/1024] run=059 seed=159 best_J=0.028563 elapsed=16.5m eta=259.9m
[62/1024] run=064 seed=164 best_J=0.0263243 elapsed=16.5m eta=256.8m
[63/1024] run=061 seed=161 best_J=0.0241428 elapsed=16.6m eta=252.9m
[64/1024] run=063 seed=163 best_J=0.0254928 elapsed=16.6m eta=249.0m
[65/1024] run=065 seed=165 best_J=0.0248428 elapsed=20.1m eta=295.9m
[66/1024] run=067 seed=167 best_J=0.0241142 elapsed=20.2m eta=292.6m
[67/1024] run=071 seed=171 best_J=0.0261658 elapsed=20.3m eta=290.1m
[68/1024] run=066 seed=166 best_J=0.0246754 elapsed=20.3m eta=285.9m
[69/1024] run=068 seed=168 best_J=0.0251448 elapsed=20.4m eta=281.7m
[70/1024] run=070 seed=170 best_J=0.0279964 elapsed=20.4m eta=277.8m
[71/1024] run=069 seed=169 best_J=0.0230996 elapsed=20.4m eta=273.7m
[72/1024] run=075 seed=175 best_J=0.0249632 elapsed=20.5m eta=271.4m
[73/1024] run=073 seed=173 best_J=0.0269401 elapsed=20.5m eta=267.4m
[74/1024] run=072 seed=172 best_J=0.0254066 elapsed=20.6m eta=264.0m
[75/1024] run=074 seed=174 best_J=0.0270653 elapsed=20.6m eta=260.7m
[76/1024] run=076 seed=176 best_J=0.0251518 elapsed=20.6m eta=257.2m
[77/1024] run=078 seed=178 best_J=0.0271092 elapsed=20.6m eta=254.0m
[78/1024] run=079 seed=179 best_J=0.0267043 elapsed=20.7m eta=250.5m
[79/1024] run=077 seed=177 best_J=0.026073 elapsed=20.7m eta=247.2m
[80/1024] run=080 seed=180 best_J=0.0264226 elapsed=20.7m eta=244.1m
[81/1024] run=081 seed=181 best_J=0.0275263 elapsed=24.1m eta=281.1m
[82/1024] run=085 seed=185 best_J=0.0284882 elapsed=24.3m eta=279.2m
[83/1024] run=083 seed=183 best_J=0.0279217 elapsed=24.3m eta=275.5m
[84/1024] run=082 seed=182 best_J=0.024864 elapsed=24.3m eta=272.1m
[85/1024] run=084 seed=184 best_J=0.0271357 elapsed=24.6m eta=271.3m
[86/1024] run=086 seed=186 best_J=0.0273125 elapsed=24.6m eta=267.9m
[87/1024] run=087 seed=187 best_J=0.0254141 elapsed=24.6m eta=264.6m
[88/1024] run=088 seed=188 best_J=0.026515 elapsed=24.6m eta=261.5m
[89/1024] run=089 seed=189 best_J=0.0253864 elapsed=24.7m eta=259.1m
[90/1024] run=093 seed=193 best_J=0.0254771 elapsed=24.7m eta=256.4m
[91/1024] run=091 seed=191 best_J=0.0272724 elapsed=24.7m eta=253.7m
[92/1024] run=092 seed=192 best_J=0.026475 elapsed=24.8m eta=250.9m
[93/1024] run=090 seed=190 best_J=0.0242199 elapsed=24.8m eta=248.2m
[94/1024] run=094 seed=194 best_J=0.0246358 elapsed=24.9m eta=245.9m
[95/1024] run=096 seed=196 best_J=0.0266099 elapsed=24.9m eta=243.1m
[96/1024] run=095 seed=195 best_J=0.0283404 elapsed=24.9m eta=240.8m
[97/1024] run=097 seed=197 best_J=0.0261213 elapsed=28.3m eta=270.6m
[98/1024] run=100 seed=200 best_J=0.0274862 elapsed=28.3m eta=267.7m
[99/1024] run=099 seed=199 best_J=0.0242865 elapsed=28.4m eta=265.4m
[100/1024] run=098 seed=198 best_J=0.0268672 elapsed=28.4m eta=262.5m
[101/1024] run=102 seed=202 best_J=0.0250877 elapsed=28.6m eta=261.3m
[102/1024] run=101 seed=201 best_J=0.025229 elapsed=28.7m eta=259.6m
[103/1024] run=104 seed=204 best_J=0.0265018 elapsed=28.8m eta=257.2m
[104/1024] run=103 seed=203 best_J=0.0270626 elapsed=28.8m eta=254.7m
[105/1024] run=106 seed=206 best_J=0.0247688 elapsed=28.8m eta=252.2m
[106/1024] run=107 seed=207 best_J=0.0258365 elapsed=28.8m eta=249.7m
[107/1024] run=105 seed=205 best_J=0.0250211 elapsed=28.9m eta=247.5m
[108/1024] run=108 seed=208 best_J=0.02704 elapsed=28.9m eta=245.4m
[109/1024] run=109 seed=209 best_J=0.0252548 elapsed=29.0m eta=243.4m
[110/1024] run=111 seed=211 best_J=0.0246162 elapsed=29.0m eta=241.2m
[111/1024] run=112 seed=212 best_J=0.0262143 elapsed=29.1m eta=239.3m
[112/1024] run=110 seed=210 best_J=0.0251765 elapsed=29.1m eta=236.9m
[113/1024] run=113 seed=213 best_J=0.0262589 elapsed=32.5m eta=261.6m
[114/1024] run=116 seed=216 best_J=0.0259533 elapsed=32.5m eta=259.2m
[115/1024] run=114 seed=214 best_J=0.0276353 elapsed=32.5m eta=257.1m
[116/1024] run=115 seed=215 best_J=0.0252823 elapsed=32.5m eta=254.7m
[117/1024] run=123 seed=223 best_J=0.0244904 elapsed=32.8m eta=253.9m
[118/1024] run=118 seed=218 best_J=0.0266645 elapsed=32.8m eta=251.6m
[119/1024] run=117 seed=217 best_J=0.0275018 elapsed=32.8m eta=249.4m
[120/1024] run=121 seed=221 best_J=0.0269147 elapsed=32.9m eta=247.6m
[121/1024] run=122 seed=222 best_J=0.0251269 elapsed=32.9m eta=245.3m
[122/1024] run=120 seed=220 best_J=0.0272147 elapsed=32.9m eta=243.2m
[123/1024] run=119 seed=219 best_J=0.0256318 elapsed=32.9m eta=241.2m
[124/1024] run=124 seed=224 best_J=0.0248798 elapsed=33.0m eta=239.5m
[125/1024] run=127 seed=227 best_J=0.025078 elapsed=33.2m eta=238.8m
[126/1024] run=128 seed=228 best_J=0.0266991 elapsed=33.2m eta=236.8m
[127/1024] run=125 seed=225 best_J=0.0255876 elapsed=33.2m eta=234.7m
[128/1024] run=126 seed=226 best_J=0.0259902 elapsed=33.3m eta=232.8m
[129/1024] run=130 seed=230 best_J=0.0272465 elapsed=36.5m eta=253.4m
[130/1024] run=129 seed=229 best_J=0.0267903 elapsed=36.6m eta=251.8m
[131/1024] run=131 seed=231 best_J=0.0238041 elapsed=36.6m eta=249.8m
[132/1024] run=132 seed=232 best_J=0.0280953 elapsed=36.7m eta=248.1m
[133/1024] run=135 seed=235 best_J=0.0246038 elapsed=36.8m eta=246.6m
[134/1024] run=134 seed=234 best_J=0.0270528 elapsed=36.9m eta=244.8m
[135/1024] run=133 seed=233 best_J=0.0237988 elapsed=36.9m eta=242.9m
[136/1024] run=138 seed=238 best_J=0.0247727 elapsed=36.9m eta=241.1m
[137/1024] run=136 seed=236 best_J=0.0262964 elapsed=36.9m eta=239.2m
[138/1024] run=137 seed=237 best_J=0.0271742 elapsed=37.0m eta=237.4m
[139/1024] run=139 seed=239 best_J=0.0275905 elapsed=37.1m eta=235.9m
[140/1024] run=140 seed=240 best_J=0.0270039 elapsed=37.2m eta=234.8m
[141/1024] run=141 seed=241 best_J=0.025398 elapsed=37.3m eta=233.4m
[142/1024] run=142 seed=242 best_J=0.0275879 elapsed=37.3m eta=231.8m
[143/1024] run=143 seed=243 best_J=0.0270685 elapsed=37.4m eta=230.5m
[144/1024] run=144 seed=244 best_J=0.0271718 elapsed=37.5m eta=228.9m
[145/1024] run=146 seed=246 best_J=0.0261624 elapsed=40.6m eta=246.2m
[146/1024] run=145 seed=245 best_J=0.0254428 elapsed=40.6m eta=244.3m
[147/1024] run=147 seed=247 best_J=0.0240321 elapsed=40.8m eta=243.3m
[148/1024] run=148 seed=248 best_J=0.0269457 elapsed=40.8m eta=241.6m
[149/1024] run=149 seed=249 best_J=0.0263664 elapsed=41.0m eta=240.6m
[150/1024] run=153 seed=253 best_J=0.0260581 elapsed=41.0m eta=238.8m
[151/1024] run=150 seed=250 best_J=0.0250829 elapsed=41.0m eta=236.9m
[152/1024] run=152 seed=252 best_J=0.0258339 elapsed=41.0m eta=235.2m
[153/1024] run=151 seed=251 best_J=0.0273839 elapsed=41.0m eta=233.4m
[154/1024] run=155 seed=255 best_J=0.0244139 elapsed=41.2m eta=232.5m
[155/1024] run=157 seed=257 best_J=0.0266334 elapsed=41.2m eta=230.7m
[156/1024] run=154 seed=254 best_J=0.0264038 elapsed=41.2m eta=229.0m
[157/1024] run=156 seed=256 best_J=0.0258263 elapsed=41.3m eta=228.0m
[158/1024] run=158 seed=258 best_J=0.0271269 elapsed=41.5m eta=227.4m
[159/1024] run=159 seed=259 best_J=0.0266383 elapsed=41.6m eta=226.1m
[160/1024] run=160 seed=260 best_J=0.0259542 elapsed=41.6m eta=224.6m
[161/1024] run=163 seed=263 best_J=0.025547 elapsed=44.8m eta=240.0m
[162/1024] run=161 seed=261 best_J=0.0269871 elapsed=44.8m eta=238.3m
[163/1024] run=162 seed=262 best_J=0.0253118 elapsed=44.8m eta=236.6m
[164/1024] run=164 seed=264 best_J=0.0261283 elapsed=44.9m eta=235.7m
[165/1024] run=166 seed=266 best_J=0.0262893 elapsed=45.0m eta=234.2m
[166/1024] run=167 seed=267 best_J=0.027257 elapsed=45.0m eta=232.8m
[167/1024] run=169 seed=269 best_J=0.0265363 elapsed=45.1m eta=231.6m
[168/1024] run=165 seed=265 best_J=0.0263659 elapsed=45.2m eta=230.1m
[169/1024] run=168 seed=268 best_J=0.0261689 elapsed=45.2m eta=228.6m
[170/1024] run=171 seed=271 best_J=0.0284641 elapsed=45.2m eta=227.3m
[171/1024] run=170 seed=270 best_J=0.0274614 elapsed=45.2m eta=225.7m
[172/1024] run=172 seed=272 best_J=0.0256465 elapsed=45.3m eta=224.2m
[173/1024] run=173 seed=273 best_J=0.0245058 elapsed=45.4m eta=223.2m
[174/1024] run=175 seed=275 best_J=0.0252432 elapsed=45.6m eta=222.8m
[175/1024] run=174 seed=274 best_J=0.0258045 elapsed=45.7m eta=221.5m
[176/1024] run=176 seed=276 best_J=0.0266234 elapsed=45.7m eta=220.3m
[177/1024] run=178 seed=278 best_J=0.0268261 elapsed=48.9m eta=233.8m
[178/1024] run=177 seed=277 best_J=0.0274961 elapsed=48.9m eta=232.4m
[179/1024] run=179 seed=279 best_J=0.0264431 elapsed=49.0m eta=231.3m
[180/1024] run=180 seed=280 best_J=0.0258993 elapsed=49.0m eta=229.8m
[181/1024] run=182 seed=282 best_J=0.0262496 elapsed=49.0m eta=228.3m
[182/1024] run=181 seed=281 best_J=0.0246832 elapsed=49.2m eta=227.5m
[183/1024] run=183 seed=283 best_J=0.0264622 elapsed=49.2m eta=226.1m
[184/1024] run=187 seed=287 best_J=0.0274122 elapsed=49.3m eta=225.0m
[185/1024] run=185 seed=285 best_J=0.0267163 elapsed=49.3m eta=223.6m
[186/1024] run=188 seed=288 best_J=0.0236815 elapsed=49.3m eta=222.3m
[187/1024] run=184 seed=284 best_J=0.0260697 elapsed=49.4m eta=221.1m
[188/1024] run=186 seed=286 best_J=0.0245687 elapsed=49.4m eta=219.7m
[189/1024] run=189 seed=289 best_J=0.0275787 elapsed=49.6m eta=218.9m
[190/1024] run=190 seed=290 best_J=0.0291769 elapsed=49.7m eta=217.9m
[191/1024] run=191 seed=291 best_J=0.0285604 elapsed=49.7m eta=216.9m
[192/1024] run=192 seed=292 best_J=0.0268288 elapsed=49.9m eta=216.2m
[193/1024] run=193 seed=293 best_J=0.0253041 elapsed=52.9m eta=227.6m
[194/1024] run=195 seed=295 best_J=0.0280076 elapsed=53.0m eta=226.6m
[195/1024] run=194 seed=294 best_J=0.0271402 elapsed=53.0m eta=225.2m
[196/1024] run=196 seed=296 best_J=0.0262207 elapsed=53.2m eta=224.8m
[197/1024] run=197 seed=297 best_J=0.0262282 elapsed=53.2m eta=223.4m
[198/1024] run=199 seed=299 best_J=0.0261302 elapsed=53.2m eta=222.1m
[199/1024] run=202 seed=302 best_J=0.0246078 elapsed=53.3m eta=220.9m
[200/1024] run=198 seed=298 best_J=0.0254748 elapsed=53.3m eta=219.8m
[201/1024] run=201 seed=301 best_J=0.02764 elapsed=53.4m eta=218.6m
[202/1024] run=203 seed=303 best_J=0.0268664 elapsed=53.5m eta=217.6m
[203/1024] run=200 seed=300 best_J=0.0250381 elapsed=53.5m eta=216.4m
[204/1024] run=204 seed=304 best_J=0.0250478 elapsed=53.6m eta=215.3m
[205/1024] run=205 seed=305 best_J=0.0252821 elapsed=53.7m eta=214.5m
[206/1024] run=206 seed=306 best_J=0.0250556 elapsed=53.8m eta=213.5m
[207/1024] run=207 seed=307 best_J=0.0253193 elapsed=53.9m eta=212.8m
[208/1024] run=208 seed=308 best_J=0.0272924 elapsed=54.0m eta=212.0m
[209/1024] run=209 seed=309 best_J=0.0278202 elapsed=56.9m eta=221.8m
[210/1024] run=210 seed=310 best_J=0.027108 elapsed=57.0m eta=220.9m
[211/1024] run=211 seed=311 best_J=0.0254274 elapsed=57.2m eta=220.5m
[212/1024] run=214 seed=314 best_J=0.0258603 elapsed=57.4m eta=219.7m
[213/1024] run=213 seed=313 best_J=0.0268166 elapsed=57.4m eta=218.4m
[214/1024] run=212 seed=312 best_J=0.0269839 elapsed=57.4m eta=217.2m
[215/1024] run=215 seed=315 best_J=0.0253918 elapsed=57.4m eta=216.1m
[216/1024] run=216 seed=316 best_J=0.02665 elapsed=57.4m eta=214.9m
[217/1024] run=217 seed=317 best_J=0.024121 elapsed=57.5m eta=214.0m
[218/1024] run=219 seed=319 best_J=0.0266664 elapsed=57.6m eta=212.9m
[219/1024] run=218 seed=318 best_J=0.0257395 elapsed=57.6m eta=211.7m
[220/1024] run=220 seed=320 best_J=0.026847 elapsed=57.7m eta=210.7m
[221/1024] run=221 seed=321 best_J=0.024077 elapsed=57.7m eta=209.6m
[222/1024] run=222 seed=322 best_J=0.0269357 elapsed=57.9m eta=209.1m
[223/1024] run=223 seed=323 best_J=0.0261856 elapsed=58.1m eta=208.8m
[224/1024] run=224 seed=324 best_J=0.0245043 elapsed=58.2m eta=207.7m
[225/1024] run=225 seed=325 best_J=0.0258906 elapsed=61.0m eta=216.8m
[226/1024] run=226 seed=326 best_J=0.024733 elapsed=61.2m eta=216.0m
[227/1024] run=227 seed=327 best_J=0.0264486 elapsed=61.3m eta=215.4m
[228/1024] run=228 seed=328 best_J=0.0277051 elapsed=61.4m eta=214.4m
[229/1024] run=229 seed=329 best_J=0.0255822 elapsed=61.5m eta=213.4m
[230/1024] run=230 seed=330 best_J=0.026838 elapsed=61.5m eta=212.3m
[231/1024] run=231 seed=331 best_J=0.0270953 elapsed=61.6m eta=211.4m
[232/1024] run=232 seed=332 best_J=0.0269176 elapsed=61.6m eta=210.3m
[233/1024] run=235 seed=335 best_J=0.025777 elapsed=61.7m eta=209.4m
[234/1024] run=234 seed=334 best_J=0.0258864 elapsed=61.7m eta=208.3m
[235/1024] run=233 seed=333 best_J=0.0254944 elapsed=61.7m eta=207.2m
[236/1024] run=236 seed=336 best_J=0.025152 elapsed=61.8m eta=206.3m
[237/1024] run=237 seed=337 best_J=0.0281156 elapsed=61.8m eta=205.3m
[238/1024] run=238 seed=338 best_J=0.0265405 elapsed=62.0m eta=204.8m
[239/1024] run=240 seed=340 best_J=0.025946 elapsed=62.3m eta=204.6m
[240/1024] run=239 seed=339 best_J=0.0274463 elapsed=62.3m eta=203.7m
[241/1024] run=242 seed=342 best_J=0.0271833 elapsed=65.1m eta=211.5m
[242/1024] run=241 seed=341 best_J=0.0257244 elapsed=65.1m eta=210.4m
[243/1024] run=244 seed=344 best_J=0.0243108 elapsed=65.4m eta=210.4m
[244/1024] run=243 seed=343 best_J=0.0270002 elapsed=65.6m eta=209.6m
[245/1024] run=247 seed=347 best_J=0.0236028 elapsed=65.6m eta=208.6m
[246/1024] run=250 seed=350 best_J=0.0249938 elapsed=65.6m eta=207.5m
[247/1024] run=245 seed=345 best_J=0.0265739 elapsed=65.6m eta=206.4m
[248/1024] run=246 seed=346 best_J=0.0255584 elapsed=65.6m eta=205.4m
[249/1024] run=248 seed=348 best_J=0.024659 elapsed=65.7m eta=204.4m
[250/1024] run=249 seed=349 best_J=0.0256766 elapsed=65.8m eta=203.8m
[251/1024] run=251 seed=351 best_J=0.0240372 elapsed=65.8m eta=202.8m
[252/1024] run=252 seed=352 best_J=0.0247356 elapsed=65.9m eta=201.9m
[253/1024] run=253 seed=353 best_J=0.0273687 elapsed=66.0m eta=201.0m
[254/1024] run=254 seed=354 best_J=0.0259227 elapsed=66.2m eta=200.7m
[255/1024] run=255 seed=355 best_J=0.026143 elapsed=66.4m eta=200.4m
[256/1024] run=256 seed=356 best_J=0.0248062 elapsed=66.5m eta=199.5m
[257/1024] run=257 seed=357 best_J=0.0275882 elapsed=69.1m eta=206.3m
[258/1024] run=258 seed=358 best_J=0.0264194 elapsed=69.2m eta=205.4m
[259/1024] run=261 seed=361 best_J=0.0267713 elapsed=69.5m eta=205.3m
[260/1024] run=259 seed=359 best_J=0.0265222 elapsed=69.6m eta=204.4m
[261/1024] run=260 seed=360 best_J=0.0265005 elapsed=69.7m eta=203.6m
[262/1024] run=263 seed=363 best_J=0.025477 elapsed=69.7m eta=202.7m
[263/1024] run=264 seed=364 best_J=0.0251627 elapsed=69.7m eta=201.7m
[264/1024] run=262 seed=362 best_J=0.0262718 elapsed=69.7m eta=200.8m
[265/1024] run=265 seed=365 best_J=0.0252599 elapsed=69.7m eta=199.8m
[266/1024] run=266 seed=366 best_J=0.0244523 elapsed=69.9m eta=199.2m
[267/1024] run=269 seed=369 best_J=0.0267188 elapsed=69.9m eta=198.3m
[268/1024] run=267 seed=367 best_J=0.0252232 elapsed=70.0m eta=197.5m
[269/1024] run=268 seed=368 best_J=0.023042 elapsed=70.1m eta=196.6m
[270/1024] run=270 seed=370 best_J=0.0264439 elapsed=70.3m eta=196.3m
[271/1024] run=271 seed=371 best_J=0.0263845 elapsed=70.4m eta=195.7m
[272/1024] run=272 seed=372 best_J=0.0272532 elapsed=70.5m eta=195.0m
[273/1024] run=273 seed=373 best_J=0.0244663 elapsed=73.2m eta=201.4m
[274/1024] run=274 seed=374 best_J=0.025397 elapsed=73.3m eta=200.7m
[275/1024] run=275 seed=375 best_J=0.0265266 elapsed=73.6m eta=200.5m
[276/1024] run=276 seed=376 best_J=0.0246546 elapsed=73.7m eta=199.8m
[277/1024] run=278 seed=378 best_J=0.0272244 elapsed=73.7m eta=198.9m
[278/1024] run=279 seed=379 best_J=0.024929 elapsed=73.8m eta=198.0m
[279/1024] run=281 seed=381 best_J=0.0256437 elapsed=73.8m eta=197.1m
[280/1024] run=277 seed=377 best_J=0.0271552 elapsed=73.8m eta=196.2m
[281/1024] run=280 seed=380 best_J=0.024963 elapsed=73.8m eta=195.2m
[282/1024] run=282 seed=382 best_J=0.0249358 elapsed=74.0m eta=194.8m
[283/1024] run=283 seed=383 best_J=0.0251466 elapsed=74.1m eta=194.0m
[284/1024] run=285 seed=385 best_J=0.0228744 elapsed=74.1m eta=193.1m
[285/1024] run=284 seed=384 best_J=0.0266558 elapsed=74.2m eta=192.4m
[286/1024] run=286 seed=386 best_J=0.025239 elapsed=74.5m eta=192.2m
[287/1024] run=287 seed=387 best_J=0.0240681 elapsed=74.5m eta=191.3m
[288/1024] run=288 seed=388 best_J=0.0265109 elapsed=74.7m eta=190.8m
[289/1024] run=289 seed=389 best_J=0.025681 elapsed=77.3m eta=196.7m
[290/1024] run=290 seed=390 best_J=0.0247786 elapsed=77.5m eta=196.1m
[291/1024] run=291 seed=391 best_J=0.0253711 elapsed=77.7m eta=195.8m
[292/1024] run=292 seed=392 best_J=0.025753 elapsed=77.8m eta=195.0m
[293/1024] run=293 seed=393 best_J=0.0234767 elapsed=77.9m eta=194.4m
[294/1024] run=294 seed=394 best_J=0.0258069 elapsed=77.9m eta=193.5m
[295/1024] run=295 seed=395 best_J=0.0274004 elapsed=77.9m eta=192.6m
[296/1024] run=296 seed=396 best_J=0.0241043 elapsed=78.0m eta=191.7m
[297/1024] run=297 seed=397 best_J=0.0261177 elapsed=78.0m eta=191.0m
[298/1024] run=298 seed=398 best_J=0.025044 elapsed=78.0m eta=190.1m
[299/1024] run=299 seed=399 best_J=0.0268115 elapsed=78.1m eta=189.4m
[300/1024] run=300 seed=400 best_J=0.0260622 elapsed=78.2m eta=188.8m
[301/1024] run=301 seed=401 best_J=0.0249256 elapsed=78.3m eta=188.2m
[302/1024] run=303 seed=403 best_J=0.0278833 elapsed=78.6m eta=187.9m
[303/1024] run=302 seed=402 best_J=0.0241331 elapsed=78.6m eta=187.0m
[304/1024] run=304 seed=404 best_J=0.0256429 elapsed=78.7m eta=186.5m
[305/1024] run=305 seed=405 best_J=0.0268332 elapsed=81.4m eta=191.9m
[306/1024] run=306 seed=406 best_J=0.0253171 elapsed=81.7m eta=191.6m
[307/1024] run=307 seed=407 best_J=0.0278946 elapsed=81.8m eta=191.2m
[308/1024] run=308 seed=408 best_J=0.0261825 elapsed=81.9m eta=190.4m
[309/1024] run=309 seed=409 best_J=0.0271924 elapsed=81.9m eta=189.6m
[310/1024] run=312 seed=412 best_J=0.0276937 elapsed=81.9m eta=188.7m
[311/1024] run=310 seed=410 best_J=0.0279532 elapsed=82.0m eta=188.0m
[312/1024] run=313 seed=413 best_J=0.025178 elapsed=82.0m eta=187.2m
[313/1024] run=311 seed=411 best_J=0.0266947 elapsed=82.1m eta=186.5m
[314/1024] run=314 seed=414 best_J=0.0252003 elapsed=82.1m eta=185.7m
[315/1024] run=315 seed=415 best_J=0.0260718 elapsed=82.3m eta=185.2m
[316/1024] run=316 seed=416 best_J=0.025154 elapsed=82.4m eta=184.6m
[317/1024] run=317 seed=417 best_J=0.0257309 elapsed=82.5m eta=183.9m
[318/1024] run=318 seed=418 best_J=0.0254932 elapsed=82.6m eta=183.5m
[319/1024] run=319 seed=419 best_J=0.0245972 elapsed=82.7m eta=182.8m
[320/1024] run=320 seed=420 best_J=0.025645 elapsed=82.8m eta=182.3m
[321/1024] run=321 seed=421 best_J=0.0264334 elapsed=85.4m eta=187.1m
[322/1024] run=322 seed=422 best_J=0.0271615 elapsed=85.8m eta=187.0m
[323/1024] run=326 seed=426 best_J=0.0247698 elapsed=85.9m eta=186.3m
[324/1024] run=323 seed=423 best_J=0.0270308 elapsed=85.9m eta=185.6m
[325/1024] run=325 seed=425 best_J=0.0240026 elapsed=86.0m eta=184.9m
[326/1024] run=324 seed=424 best_J=0.0238154 elapsed=86.1m eta=184.2m
[327/1024] run=327 seed=427 best_J=0.0247154 elapsed=86.1m eta=183.5m
[328/1024] run=329 seed=429 best_J=0.0261938 elapsed=86.1m eta=182.7m
[329/1024] run=328 seed=428 best_J=0.0256019 elapsed=86.2m eta=182.1m
[330/1024] run=330 seed=430 best_J=0.0252088 elapsed=86.3m eta=181.4m
[331/1024] run=331 seed=431 best_J=0.0254623 elapsed=86.5m eta=181.0m
[332/1024] run=332 seed=432 best_J=0.0271073 elapsed=86.5m eta=180.3m
[333/1024] run=333 seed=433 best_J=0.0256335 elapsed=86.6m eta=179.7m
[334/1024] run=334 seed=434 best_J=0.0282417 elapsed=86.6m eta=178.9m
[335/1024] run=335 seed=435 best_J=0.0266292 elapsed=86.8m eta=178.5m
[336/1024] run=336 seed=436 best_J=0.0244125 elapsed=87.0m eta=178.2m
[337/1024] run=337 seed=437 best_J=0.0246792 elapsed=89.6m eta=182.6m
[338/1024] run=338 seed=438 best_J=0.0251565 elapsed=89.8m eta=182.3m
[339/1024] run=340 seed=440 best_J=0.0244344 elapsed=90.0m eta=181.8m
[340/1024] run=339 seed=439 best_J=0.0237168 elapsed=90.0m eta=181.1m
[341/1024] run=341 seed=441 best_J=0.0250888 elapsed=90.1m eta=180.4m
[342/1024] run=345 seed=445 best_J=0.02683 elapsed=90.2m eta=179.9m
[343/1024] run=342 seed=442 best_J=0.0259072 elapsed=90.2m eta=179.1m
[344/1024] run=343 seed=443 best_J=0.0259714 elapsed=90.3m eta=178.5m
[345/1024] run=344 seed=444 best_J=0.0253218 elapsed=90.3m eta=177.7m
[346/1024] run=346 seed=446 best_J=0.0260453 elapsed=90.4m eta=177.2m
[347/1024] run=347 seed=447 best_J=0.0272649 elapsed=90.6m eta=176.7m
[348/1024] run=348 seed=448 best_J=0.0255982 elapsed=90.7m eta=176.1m
[349/1024] run=349 seed=449 best_J=0.0281954 elapsed=90.8m eta=175.6m
[350/1024] run=350 seed=450 best_J=0.0277457 elapsed=90.8m eta=174.9m
[351/1024] run=351 seed=451 best_J=0.0262688 elapsed=90.9m eta=174.3m
[352/1024] run=352 seed=452 best_J=0.0234426 elapsed=91.1m eta=174.0m
[353/1024] run=353 seed=453 best_J=0.0250046 elapsed=93.6m eta=177.9m
[354/1024] run=354 seed=454 best_J=0.0234027 elapsed=93.8m eta=177.6m
[355/1024] run=356 seed=456 best_J=0.0247715 elapsed=94.0m eta=177.2m
[356/1024] run=355 seed=455 best_J=0.0275615 elapsed=94.1m eta=176.5m
[357/1024] run=357 seed=457 best_J=0.0263997 elapsed=94.2m eta=176.0m
[358/1024] run=361 seed=461 best_J=0.0243247 elapsed=94.3m eta=175.4m
[359/1024] run=359 seed=459 best_J=0.0259896 elapsed=94.3m eta=174.7m
[360/1024] run=360 seed=460 best_J=0.0248441 elapsed=94.3m eta=174.0m
[361/1024] run=358 seed=458 best_J=0.0269828 elapsed=94.4m eta=173.3m
[362/1024] run=362 seed=462 best_J=0.0263214 elapsed=94.6m eta=172.9m
[363/1024] run=365 seed=465 best_J=0.0256858 elapsed=94.6m eta=172.3m
[364/1024] run=364 seed=464 best_J=0.0240155 elapsed=94.6m eta=171.6m
[365/1024] run=363 seed=463 best_J=0.0278299 elapsed=94.7m eta=171.1m
[366/1024] run=366 seed=466 best_J=0.02598 elapsed=94.9m eta=170.6m
[367/1024] run=367 seed=467 best_J=0.0263147 elapsed=95.1m eta=170.3m
[368/1024] run=368 seed=468 best_J=0.0277354 elapsed=95.3m eta=169.8m
[369/1024] run=369 seed=469 best_J=0.0264488 elapsed=97.7m eta=173.5m
[370/1024] run=370 seed=470 best_J=0.0267906 elapsed=98.0m eta=173.3m
[371/1024] run=371 seed=471 best_J=0.0261356 elapsed=98.1m eta=172.6m
[372/1024] run=373 seed=473 best_J=0.026397 elapsed=98.2m eta=172.1m
[373/1024] run=372 seed=472 best_J=0.0257572 elapsed=98.2m eta=171.4m
[374/1024] run=375 seed=475 best_J=0.0267242 elapsed=98.3m eta=170.9m
[375/1024] run=376 seed=476 best_J=0.0246201 elapsed=98.4m eta=170.3m
[376/1024] run=374 seed=474 best_J=0.0267037 elapsed=98.4m eta=169.6m
[377/1024] run=377 seed=477 best_J=0.0236606 elapsed=98.6m eta=169.2m
[378/1024] run=378 seed=478 best_J=0.0256644 elapsed=98.6m eta=168.5m
[379/1024] run=379 seed=479 best_J=0.0264493 elapsed=98.8m eta=168.1m
[380/1024] run=380 seed=480 best_J=0.0276447 elapsed=98.8m eta=167.5m
[381/1024] run=381 seed=481 best_J=0.0284966 elapsed=98.9m eta=166.9m
[382/1024] run=382 seed=482 best_J=0.0264009 elapsed=99.1m eta=166.5m
[383/1024] run=383 seed=483 best_J=0.0257122 elapsed=99.3m eta=166.2m
[384/1024] run=384 seed=484 best_J=0.0258633 elapsed=99.4m eta=165.7m
[385/1024] run=385 seed=485 best_J=0.0262292 elapsed=101.7m eta=168.8m
[386/1024] run=386 seed=486 best_J=0.0277736 elapsed=102.0m eta=168.6m
[387/1024] run=389 seed=489 best_J=0.0257504 elapsed=102.3m eta=168.3m
[388/1024] run=387 seed=487 best_J=0.0240076 elapsed=102.3m eta=167.6m
[389/1024] run=388 seed=488 best_J=0.0268371 elapsed=102.3m eta=167.0m
[390/1024] run=390 seed=490 best_J=0.0255911 elapsed=102.5m eta=166.6m
[391/1024] run=391 seed=491 best_J=0.0268373 elapsed=102.6m eta=166.1m
[392/1024] run=392 seed=492 best_J=0.0243443 elapsed=102.7m eta=165.5m
[393/1024] run=394 seed=494 best_J=0.0254024 elapsed=102.7m eta=164.9m
[394/1024] run=393 seed=493 best_J=0.0263573 elapsed=102.8m eta=164.3m
[395/1024] run=395 seed=495 best_J=0.0256734 elapsed=102.9m eta=163.9m
[396/1024] run=396 seed=496 best_J=0.0243473 elapsed=103.0m eta=163.4m
[397/1024] run=397 seed=497 best_J=0.0250076 elapsed=103.2m eta=163.0m
[398/1024] run=398 seed=498 best_J=0.0270274 elapsed=103.3m eta=162.4m
[399/1024] run=400 seed=500 best_J=0.0260801 elapsed=103.4m eta=162.0m
[400/1024] run=399 seed=499 best_J=0.0256396 elapsed=103.5m eta=161.5m
[401/1024] run=401 seed=501 best_J=0.025569 elapsed=106.0m eta=164.6m
[402/1024] run=402 seed=502 best_J=0.0287431 elapsed=106.1m eta=164.2m
[403/1024] run=403 seed=503 best_J=0.0240932 elapsed=106.2m eta=163.6m
[404/1024] run=404 seed=504 best_J=0.0251846 elapsed=106.4m eta=163.3m
[405/1024] run=405 seed=505 best_J=0.0245526 elapsed=106.5m eta=162.7m
[406/1024] run=406 seed=506 best_J=0.0269232 elapsed=106.7m eta=162.3m
[407/1024] run=407 seed=507 best_J=0.0275139 elapsed=106.7m eta=161.8m
[408/1024] run=408 seed=508 best_J=0.0241756 elapsed=106.8m eta=161.3m
[409/1024] run=410 seed=510 best_J=0.0258879 elapsed=106.8m eta=160.7m
[410/1024] run=409 seed=509 best_J=0.0261066 elapsed=107.0m eta=160.2m
[411/1024] run=411 seed=511 best_J=0.0230065 elapsed=107.0m eta=159.6m
[412/1024] run=412 seed=512 best_J=0.0264995 elapsed=107.1m eta=159.1m
[413/1024] run=413 seed=513 best_J=0.0262291 elapsed=107.3m eta=158.7m
[414/1024] run=414 seed=514 best_J=0.0240101 elapsed=107.4m eta=158.3m
[415/1024] run=415 seed=515 best_J=0.0251403 elapsed=107.6m eta=157.9m
[416/1024] run=416 seed=516 best_J=0.0273353 elapsed=107.6m eta=157.3m
[417/1024] run=417 seed=517 best_J=0.0261428 elapsed=110.2m eta=160.4m
[418/1024] run=418 seed=518 best_J=0.0254554 elapsed=110.3m eta=159.9m
[419/1024] run=419 seed=519 best_J=0.0240471 elapsed=110.4m eta=159.4m
[420/1024] run=420 seed=520 best_J=0.0252911 elapsed=110.5m eta=158.9m
[421/1024] run=421 seed=521 best_J=0.0268038 elapsed=110.6m eta=158.3m
[422/1024] run=422 seed=522 best_J=0.024735 elapsed=110.8m eta=158.0m
[423/1024] run=424 seed=524 best_J=0.027041 elapsed=110.8m eta=157.4m
[424/1024] run=423 seed=523 best_J=0.0275377 elapsed=110.9m eta=156.9m
[425/1024] run=426 seed=526 best_J=0.0248726 elapsed=111.0m eta=156.5m
[426/1024] run=427 seed=527 best_J=0.0248383 elapsed=111.1m eta=155.9m
[427/1024] run=425 seed=525 best_J=0.0276712 elapsed=111.1m eta=155.3m
[428/1024] run=428 seed=528 best_J=0.0268481 elapsed=111.2m eta=154.8m
[429/1024] run=429 seed=529 best_J=0.0274372 elapsed=111.4m eta=154.6m
[430/1024] run=430 seed=530 best_J=0.0264792 elapsed=111.5m eta=154.0m
[431/1024] run=431 seed=531 best_J=0.0272204 elapsed=111.7m eta=153.7m
[432/1024] run=432 seed=532 best_J=0.026085 elapsed=111.8m eta=153.2m
[433/1024] run=433 seed=533 best_J=0.0252511 elapsed=114.3m eta=156.0m
[434/1024] run=435 seed=535 best_J=0.0254259 elapsed=114.4m eta=155.5m
[435/1024] run=434 seed=534 best_J=0.02442 elapsed=114.4m eta=155.0m
[436/1024] run=436 seed=536 best_J=0.0271397 elapsed=114.7m eta=154.6m
[437/1024] run=437 seed=537 best_J=0.0240939 elapsed=114.7m eta=154.1m
[438/1024] run=438 seed=538 best_J=0.0272077 elapsed=115.0m eta=153.8m
[439/1024] run=440 seed=540 best_J=0.0269115 elapsed=115.0m eta=153.2m
[440/1024] run=439 seed=539 best_J=0.0235516 elapsed=115.1m eta=152.7m
[441/1024] run=442 seed=542 best_J=0.0265165 elapsed=115.2m eta=152.3m
[442/1024] run=441 seed=541 best_J=0.0247697 elapsed=115.2m eta=151.7m
[443/1024] run=443 seed=543 best_J=0.0260815 elapsed=115.2m eta=151.1m
[444/1024] run=444 seed=544 best_J=0.0241069 elapsed=115.3m eta=150.6m
[445/1024] run=445 seed=545 best_J=0.024044 elapsed=115.5m eta=150.2m
[446/1024] run=446 seed=546 best_J=0.0252853 elapsed=115.6m eta=149.8m
[447/1024] run=448 seed=548 best_J=0.0253079 elapsed=115.8m eta=149.5m
[448/1024] run=447 seed=547 best_J=0.0251838 elapsed=115.9m eta=149.0m
[449/1024] run=449 seed=549 best_J=0.0256024 elapsed=118.4m eta=151.6m
[450/1024] run=451 seed=551 best_J=0.0251078 elapsed=118.6m eta=151.3m
[451/1024] run=450 seed=550 best_J=0.0258387 elapsed=118.7m eta=150.8m
[452/1024] run=452 seed=552 best_J=0.0268324 elapsed=118.7m eta=150.2m
[453/1024] run=453 seed=553 best_J=0.0267773 elapsed=118.8m eta=149.7m
[454/1024] run=454 seed=554 best_J=0.0277997 elapsed=119.1m eta=149.5m
[455/1024] run=455 seed=555 best_J=0.0251536 elapsed=119.1m eta=149.0m
[456/1024] run=456 seed=556 best_J=0.0261828 elapsed=119.2m eta=148.5m
[457/1024] run=459 seed=559 best_J=0.0249948 elapsed=119.3m eta=148.1m
[458/1024] run=457 seed=557 best_J=0.0256268 elapsed=119.4m eta=147.5m
[459/1024] run=460 seed=560 best_J=0.0271049 elapsed=119.4m eta=147.0m
[460/1024] run=458 seed=558 best_J=0.0265301 elapsed=119.4m eta=146.4m
[461/1024] run=461 seed=561 best_J=0.0254269 elapsed=119.6m eta=146.1m
[462/1024] run=462 seed=562 best_J=0.0251771 elapsed=119.7m eta=145.6m
[463/1024] run=463 seed=563 best_J=0.0242363 elapsed=119.9m eta=145.3m
[464/1024] run=464 seed=564 best_J=0.0279501 elapsed=120.0m eta=144.8m
[465/1024] run=467 seed=567 best_J=0.0256626 elapsed=122.6m eta=147.4m
[466/1024] run=465 seed=565 best_J=0.0281155 elapsed=122.6m eta=146.8m
[467/1024] run=466 seed=566 best_J=0.0264657 elapsed=122.7m eta=146.3m
[468/1024] run=468 seed=568 best_J=0.0239888 elapsed=122.7m eta=145.8m
[469/1024] run=469 seed=569 best_J=0.0258447 elapsed=122.9m eta=145.5m
[470/1024] run=471 seed=571 best_J=0.0248056 elapsed=123.1m eta=145.1m
[471/1024] run=470 seed=570 best_J=0.0261226 elapsed=123.2m eta=144.7m
[472/1024] run=472 seed=572 best_J=0.0241319 elapsed=123.4m eta=144.3m
[473/1024] run=475 seed=575 best_J=0.0267007 elapsed=123.4m eta=143.8m
[474/1024] run=474 seed=574 best_J=0.025437 elapsed=123.5m eta=143.3m
[475/1024] run=473 seed=573 best_J=0.0244918 elapsed=123.5m eta=142.7m
[476/1024] run=476 seed=576 best_J=0.0278614 elapsed=123.6m eta=142.3m
[477/1024] run=477 seed=577 best_J=0.0263463 elapsed=123.7m eta=141.8m
[478/1024] run=478 seed=578 best_J=0.0264539 elapsed=123.8m eta=141.4m
[479/1024] run=479 seed=579 best_J=0.0264034 elapsed=124.0m eta=141.1m
[480/1024] run=480 seed=580 best_J=0.0250792 elapsed=124.2m eta=140.7m
[481/1024] run=482 seed=582 best_J=0.0255428 elapsed=126.8m eta=143.1m
[482/1024] run=481 seed=581 best_J=0.0288061 elapsed=126.8m eta=142.5m
[483/1024] run=483 seed=583 best_J=0.0263189 elapsed=126.8m eta=142.0m
[484/1024] run=484 seed=584 best_J=0.0262047 elapsed=127.0m eta=141.7m
[485/1024] run=485 seed=585 best_J=0.027455 elapsed=127.0m eta=141.1m
[486/1024] run=486 seed=586 best_J=0.0263829 elapsed=127.1m eta=140.7m
[487/1024] run=487 seed=587 best_J=0.0252537 elapsed=127.2m eta=140.3m
[488/1024] run=491 seed=591 best_J=0.0280466 elapsed=127.5m eta=140.0m
[489/1024] run=488 seed=588 best_J=0.0257596 elapsed=127.5m eta=139.5m
[490/1024] run=490 seed=590 best_J=0.0279935 elapsed=127.6m eta=139.0m
[491/1024] run=489 seed=589 best_J=0.0255508 elapsed=127.7m eta=138.6m
[492/1024] run=492 seed=592 best_J=0.0252845 elapsed=127.7m eta=138.1m
[493/1024] run=493 seed=593 best_J=0.0269694 elapsed=127.8m eta=137.6m
[494/1024] run=494 seed=594 best_J=0.0239028 elapsed=128.0m eta=137.4m
[495/1024] run=495 seed=595 best_J=0.026354 elapsed=128.2m eta=137.0m
[496/1024] run=496 seed=596 best_J=0.0251426 elapsed=128.3m eta=136.6m
[497/1024] run=498 seed=598 best_J=0.0248697 elapsed=130.8m eta=138.7m
[498/1024] run=499 seed=599 best_J=0.0261005 elapsed=130.9m eta=138.3m
[499/1024] run=497 seed=597 best_J=0.0268293 elapsed=130.9m eta=137.7m
[500/1024] run=500 seed=600 best_J=0.0244688 elapsed=131.1m eta=137.4m
[501/1024] run=501 seed=601 best_J=0.0249439 elapsed=131.2m eta=136.9m
[502/1024] run=502 seed=602 best_J=0.0278382 elapsed=131.3m eta=136.6m
[503/1024] run=503 seed=603 best_J=0.025431 elapsed=131.4m eta=136.1m
[504/1024] run=505 seed=605 best_J=0.0251284 elapsed=131.6m eta=135.8m
[505/1024] run=504 seed=604 best_J=0.0249076 elapsed=131.6m eta=135.3m
[506/1024] run=506 seed=606 best_J=0.0256561 elapsed=131.7m eta=134.8m
[507/1024] run=507 seed=607 best_J=0.025258 elapsed=131.8m eta=134.4m
[508/1024] run=508 seed=608 best_J=0.025876 elapsed=131.9m eta=134.0m
[509/1024] run=509 seed=609 best_J=0.0259148 elapsed=132.0m eta=133.5m
[510/1024] run=510 seed=610 best_J=0.0272957 elapsed=132.0m eta=133.1m
[511/1024] run=512 seed=612 best_J=0.0261196 elapsed=132.4m eta=132.9m
[512/1024] run=511 seed=611 best_J=0.0247734 elapsed=132.4m eta=132.4m
[513/1024] run=513 seed=613 best_J=0.0260144 elapsed=135.1m eta=134.5m
[514/1024] run=515 seed=615 best_J=0.0272356 elapsed=135.1m eta=134.0m
[515/1024] run=516 seed=616 best_J=0.0275748 elapsed=135.1m eta=133.5m
[516/1024] run=514 seed=614 best_J=0.027263 elapsed=135.2m eta=133.1m
[517/1024] run=517 seed=617 best_J=0.0258506 elapsed=135.3m eta=132.7m
[518/1024] run=518 seed=618 best_J=0.0275565 elapsed=135.5m eta=132.3m
[519/1024] run=519 seed=619 best_J=0.0269455 elapsed=135.6m eta=131.9m
[520/1024] run=521 seed=621 best_J=0.0259902 elapsed=135.7m eta=131.5m
[521/1024] run=520 seed=620 best_J=0.0245456 elapsed=135.8m eta=131.1m
[522/1024] run=522 seed=622 best_J=0.0258727 elapsed=135.8m eta=130.6m
[523/1024] run=523 seed=623 best_J=0.0257201 elapsed=135.9m eta=130.1m
[524/1024] run=524 seed=624 best_J=0.0245863 elapsed=136.1m eta=129.8m
[525/1024] run=525 seed=625 best_J=0.0268666 elapsed=136.2m eta=129.4m
[526/1024] run=526 seed=626 best_J=0.0250778 elapsed=136.2m eta=129.0m
[527/1024] run=528 seed=628 best_J=0.0263398 elapsed=136.4m eta=128.7m
[528/1024] run=527 seed=627 best_J=0.0243037 elapsed=136.6m eta=128.3m
[529/1024] run=530 seed=630 best_J=0.0261349 elapsed=139.1m eta=130.2m
[530/1024] run=529 seed=629 best_J=0.0242939 elapsed=139.2m eta=129.7m
[531/1024] run=531 seed=631 best_J=0.0267597 elapsed=139.3m eta=129.3m
[532/1024] run=533 seed=633 best_J=0.0237716 elapsed=139.3m eta=128.8m
[533/1024] run=532 seed=632 best_J=0.0257534 elapsed=139.3m eta=128.3m
[534/1024] run=534 seed=634 best_J=0.0256907 elapsed=139.6m eta=128.1m
[535/1024] run=535 seed=635 best_J=0.0266441 elapsed=139.8m eta=127.8m
[536/1024] run=537 seed=637 best_J=0.0226195 elapsed=139.8m eta=127.3m
[537/1024] run=536 seed=636 best_J=0.0262512 elapsed=139.8m eta=126.8m
[538/1024] run=538 seed=638 best_J=0.0260812 elapsed=139.9m eta=126.4m
[539/1024] run=539 seed=639 best_J=0.0242662 elapsed=139.9m eta=125.9m
[540/1024] run=540 seed=640 best_J=0.0262102 elapsed=140.1m eta=125.6m
[541/1024] run=541 seed=641 best_J=0.0269861 elapsed=140.3m eta=125.3m
[542/1024] run=542 seed=642 best_J=0.0265443 elapsed=140.3m eta=124.8m
[543/1024] run=543 seed=643 best_J=0.0275293 elapsed=140.6m eta=124.5m
[544/1024] run=544 seed=644 best_J=0.0268476 elapsed=140.7m eta=124.2m
[545/1024] run=546 seed=646 best_J=0.0256412 elapsed=143.3m eta=125.9m
[546/1024] run=545 seed=645 best_J=0.0263895 elapsed=143.3m eta=125.4m
[547/1024] run=547 seed=647 best_J=0.026075 elapsed=143.4m eta=125.1m
[548/1024] run=549 seed=649 best_J=0.0255737 elapsed=143.4m eta=124.6m
[549/1024] run=548 seed=648 best_J=0.0234683 elapsed=143.5m eta=124.1m
[550/1024] run=550 seed=650 best_J=0.0272977 elapsed=143.7m eta=123.8m
[551/1024] run=551 seed=651 best_J=0.024779 elapsed=143.8m eta=123.5m
[552/1024] run=552 seed=652 best_J=0.0270804 elapsed=143.8m eta=123.0m
[553/1024] run=553 seed=653 best_J=0.0266408 elapsed=144.0m eta=122.6m
[554/1024] run=554 seed=654 best_J=0.0251935 elapsed=144.0m eta=122.2m
[555/1024] run=555 seed=655 best_J=0.0266276 elapsed=144.1m eta=121.8m
[556/1024] run=556 seed=656 best_J=0.0258998 elapsed=144.3m eta=121.4m
[557/1024] run=558 seed=658 best_J=0.0252014 elapsed=144.3m eta=121.0m
[558/1024] run=557 seed=657 best_J=0.0262643 elapsed=144.3m eta=120.6m
[559/1024] run=559 seed=659 best_J=0.0263342 elapsed=144.8m eta=120.4m
[560/1024] run=560 seed=660 best_J=0.0261569 elapsed=144.9m eta=120.0m
[561/1024] run=564 seed=664 best_J=0.0271966 elapsed=147.4m eta=121.7m
[562/1024] run=562 seed=662 best_J=0.0258077 elapsed=147.4m eta=121.2m
[563/1024] run=561 seed=661 best_J=0.0252273 elapsed=147.5m eta=120.7m
[564/1024] run=563 seed=663 best_J=0.0248194 elapsed=147.6m eta=120.3m
[565/1024] run=565 seed=665 best_J=0.0254781 elapsed=147.6m eta=119.9m
[566/1024] run=566 seed=666 best_J=0.0245046 elapsed=147.9m eta=119.7m
[567/1024] run=567 seed=667 best_J=0.0250834 elapsed=147.9m eta=119.2m
[568/1024] run=569 seed=669 best_J=0.0243727 elapsed=148.0m eta=118.8m
[569/1024] run=568 seed=668 best_J=0.0244744 elapsed=148.0m eta=118.4m
[570/1024] run=571 seed=671 best_J=0.0284778 elapsed=148.1m eta=118.0m
[571/1024] run=570 seed=670 best_J=0.0268599 elapsed=148.1m eta=117.5m
[572/1024] run=572 seed=672 best_J=0.027651 elapsed=148.4m eta=117.3m
[573/1024] run=574 seed=674 best_J=0.0270864 elapsed=148.4m eta=116.8m
[574/1024] run=573 seed=673 best_J=0.0234827 elapsed=148.4m eta=116.4m
[575/1024] run=576 seed=676 best_J=0.0253959 elapsed=149.0m eta=116.3m
[576/1024] run=575 seed=675 best_J=0.0263718 elapsed=149.0m eta=115.9m
[577/1024] run=577 seed=677 best_J=0.0268169 elapsed=151.5m eta=117.4m
[578/1024] run=579 seed=679 best_J=0.026382 elapsed=151.6m eta=116.9m
[579/1024] run=578 seed=678 best_J=0.023796 elapsed=151.6m eta=116.5m
[580/1024] run=580 seed=680 best_J=0.0254892 elapsed=151.6m eta=116.0m
[581/1024] run=581 seed=681 best_J=0.0274376 elapsed=151.7m eta=115.7m
[582/1024] run=582 seed=682 best_J=0.0258038 elapsed=151.9m eta=115.3m
[583/1024] run=583 seed=683 best_J=0.0289312 elapsed=151.9m eta=114.9m
[584/1024] run=584 seed=684 best_J=0.0258295 elapsed=152.1m eta=114.6m
[585/1024] run=585 seed=685 best_J=0.0277223 elapsed=152.2m eta=114.2m
[586/1024] run=587 seed=687 best_J=0.0261428 elapsed=152.2m eta=113.7m
[587/1024] run=586 seed=686 best_J=0.0261795 elapsed=152.3m eta=113.4m
[588/1024] run=589 seed=689 best_J=0.0249522 elapsed=152.5m eta=113.1m
[589/1024] run=590 seed=690 best_J=0.0266144 elapsed=152.5m eta=112.6m
[590/1024] run=588 seed=688 best_J=0.0271624 elapsed=152.6m eta=112.2m
[591/1024] run=591 seed=691 best_J=0.0264418 elapsed=153.0m eta=112.1m
[592/1024] run=592 seed=692 best_J=0.026284 elapsed=153.1m eta=111.7m
[593/1024] run=595 seed=695 best_J=0.026904 elapsed=155.6m eta=113.1m
[594/1024] run=596 seed=696 best_J=0.0249066 elapsed=155.6m eta=112.7m
[595/1024] run=593 seed=693 best_J=0.0246055 elapsed=155.7m eta=112.3m
[596/1024] run=594 seed=694 best_J=0.0262862 elapsed=155.8m eta=111.9m
[597/1024] run=597 seed=697 best_J=0.0262852 elapsed=155.8m eta=111.4m
[598/1024] run=598 seed=698 best_J=0.0265877 elapsed=155.9m eta=111.1m
[599/1024] run=599 seed=699 best_J=0.0252445 elapsed=156.0m eta=110.7m
[600/1024] run=600 seed=700 best_J=0.026385 elapsed=156.1m eta=110.3m
[601/1024] run=602 seed=702 best_J=0.0269859 elapsed=156.3m eta=110.0m
[602/1024] run=601 seed=701 best_J=0.0267913 elapsed=156.4m eta=109.6m
[603/1024] run=603 seed=703 best_J=0.0264606 elapsed=156.4m eta=109.2m
[604/1024] run=604 seed=704 best_J=0.0265274 elapsed=156.6m eta=108.9m
[605/1024] run=606 seed=706 best_J=0.0266384 elapsed=156.6m eta=108.5m
[606/1024] run=605 seed=705 best_J=0.0255702 elapsed=156.7m eta=108.1m
[607/1024] run=607 seed=707 best_J=0.0262345 elapsed=157.2m eta=108.0m
[608/1024] run=608 seed=708 best_J=0.0263254 elapsed=157.2m eta=107.6m
[609/1024] run=610 seed=710 best_J=0.0256789 elapsed=159.8m eta=108.9m
[610/1024] run=609 seed=709 best_J=0.0266076 elapsed=159.8m eta=108.5m
[611/1024] run=611 seed=711 best_J=0.0275049 elapsed=159.9m eta=108.1m
[612/1024] run=613 seed=713 best_J=0.025782 elapsed=160.0m eta=107.7m
[613/1024] run=612 seed=712 best_J=0.0283694 elapsed=160.0m eta=107.3m
[614/1024] run=614 seed=714 best_J=0.0245733 elapsed=160.1m eta=106.9m
[615/1024] run=615 seed=715 best_J=0.0256365 elapsed=160.2m eta=106.5m
[616/1024] run=616 seed=716 best_J=0.0282629 elapsed=160.2m eta=106.1m
[617/1024] run=617 seed=717 best_J=0.0264193 elapsed=160.4m eta=105.8m
[618/1024] run=618 seed=718 best_J=0.0262122 elapsed=160.4m eta=105.4m
[619/1024] run=619 seed=719 best_J=0.0256696 elapsed=160.4m eta=105.0m
[620/1024] run=621 seed=721 best_J=0.0246867 elapsed=160.6m eta=104.7m
[621/1024] run=620 seed=720 best_J=0.0268852 elapsed=160.7m eta=104.3m
[622/1024] run=622 seed=722 best_J=0.0264965 elapsed=160.7m eta=103.9m
[623/1024] run=623 seed=723 best_J=0.0256912 elapsed=161.3m eta=103.8m
[624/1024] run=624 seed=724 best_J=0.0258214 elapsed=161.5m eta=103.5m
[625/1024] run=626 seed=726 best_J=0.0270857 elapsed=164.0m eta=104.7m
[626/1024] run=625 seed=725 best_J=0.0257108 elapsed=164.0m eta=104.3m
[627/1024] run=627 seed=727 best_J=0.0263064 elapsed=164.0m eta=103.8m
[628/1024] run=628 seed=728 best_J=0.0253454 elapsed=164.1m eta=103.5m
[629/1024] run=629 seed=729 best_J=0.0260596 elapsed=164.2m eta=103.1m
[630/1024] run=630 seed=730 best_J=0.0261243 elapsed=164.2m eta=102.7m
[631/1024] run=632 seed=732 best_J=0.0264451 elapsed=164.3m eta=102.4m
[632/1024] run=631 seed=731 best_J=0.0263729 elapsed=164.4m eta=102.0m
[633/1024] run=634 seed=734 best_J=0.0246025 elapsed=164.5m eta=101.6m
[634/1024] run=635 seed=735 best_J=0.024764 elapsed=164.5m eta=101.2m
[635/1024] run=633 seed=733 best_J=0.0249161 elapsed=164.6m eta=100.8m
[636/1024] run=636 seed=736 best_J=0.0243238 elapsed=164.7m eta=100.5m
[637/1024] run=637 seed=737 best_J=0.026594 elapsed=164.8m eta=100.1m
[638/1024] run=638 seed=738 best_J=0.0275817 elapsed=164.8m eta=99.7m
[639/1024] run=639 seed=739 best_J=0.02786 elapsed=165.5m eta=99.7m
[640/1024] run=640 seed=740 best_J=0.0235159 elapsed=165.6m eta=99.4m
[641/1024] run=641 seed=741 best_J=0.0269999 elapsed=167.9m eta=100.3m
[642/1024] run=642 seed=742 best_J=0.0261507 elapsed=168.1m eta=100.0m
[643/1024] run=644 seed=744 best_J=0.0237639 elapsed=168.1m eta=99.6m
[644/1024] run=643 seed=743 best_J=0.0242628 elapsed=168.2m eta=99.2m
[645/1024] run=646 seed=746 best_J=0.0233581 elapsed=168.3m eta=98.9m
[646/1024] run=645 seed=745 best_J=0.0278837 elapsed=168.4m eta=98.5m
[647/1024] run=648 seed=748 best_J=0.0256749 elapsed=168.4m eta=98.1m
[648/1024] run=647 seed=747 best_J=0.026344 elapsed=168.4m eta=97.7m
[649/1024] run=650 seed=750 best_J=0.0283747 elapsed=168.6m eta=97.4m
[650/1024] run=649 seed=749 best_J=0.0259409 elapsed=168.7m eta=97.1m
[651/1024] run=651 seed=751 best_J=0.0266588 elapsed=168.7m eta=96.7m
[652/1024] run=652 seed=752 best_J=0.0265168 elapsed=168.9m eta=96.4m
[653/1024] run=654 seed=754 best_J=0.0262459 elapsed=168.9m eta=96.0m
[654/1024] run=653 seed=753 best_J=0.025462 elapsed=168.9m eta=95.6m
[655/1024] run=655 seed=755 best_J=0.0273181 elapsed=169.5m eta=95.5m
[656/1024] run=656 seed=756 best_J=0.0249117 elapsed=169.8m eta=95.2m
[657/1024] run=657 seed=757 best_J=0.0272773 elapsed=172.0m eta=96.1m
[658/1024] run=658 seed=758 best_J=0.0273847 elapsed=172.2m eta=95.8m
[659/1024] run=659 seed=759 best_J=0.0263646 elapsed=172.3m eta=95.4m
[660/1024] run=660 seed=760 best_J=0.0254749 elapsed=172.3m eta=95.0m
[661/1024] run=661 seed=761 best_J=0.0273595 elapsed=172.4m eta=94.7m
[662/1024] run=663 seed=763 best_J=0.026308 elapsed=172.5m eta=94.3m
[663/1024] run=664 seed=764 best_J=0.0248172 elapsed=172.5m eta=93.9m
[664/1024] run=662 seed=762 best_J=0.0254538 elapsed=172.5m eta=93.5m
[665/1024] run=665 seed=765 best_J=0.0268458 elapsed=172.7m eta=93.2m
[666/1024] run=667 seed=767 best_J=0.0266325 elapsed=172.7m eta=92.9m
[667/1024] run=666 seed=766 best_J=0.0270001 elapsed=172.9m eta=92.6m
[668/1024] run=670 seed=770 best_J=0.02643 elapsed=173.0m eta=92.2m
[669/1024] run=669 seed=769 best_J=0.0272005 elapsed=173.1m eta=91.8m
[670/1024] run=668 seed=768 best_J=0.0248506 elapsed=173.1m eta=91.5m
[671/1024] run=671 seed=771 best_J=0.026277 elapsed=173.5m eta=91.3m
[672/1024] run=672 seed=772 best_J=0.0267417 elapsed=173.9m eta=91.1m
[673/1024] run=673 seed=773 best_J=0.025213 elapsed=176.2m eta=91.9m
[674/1024] run=674 seed=774 best_J=0.0250422 elapsed=176.4m eta=91.6m
[675/1024] run=675 seed=775 best_J=0.0242509 elapsed=176.4m eta=91.2m
[676/1024] run=676 seed=776 best_J=0.0256251 elapsed=176.5m eta=90.8m
[677/1024] run=677 seed=777 best_J=0.0281611 elapsed=176.5m eta=90.4m
[678/1024] run=679 seed=779 best_J=0.0252616 elapsed=176.5m eta=90.1m
[679/1024] run=680 seed=780 best_J=0.0253731 elapsed=176.5m eta=89.7m
[680/1024] run=678 seed=778 best_J=0.0262645 elapsed=176.6m eta=89.3m
[681/1024] run=681 seed=781 best_J=0.023446 elapsed=176.8m eta=89.1m
[682/1024] run=682 seed=782 best_J=0.0278029 elapsed=176.9m eta=88.7m
[683/1024] run=683 seed=783 best_J=0.0260174 elapsed=177.0m eta=88.4m
[684/1024] run=684 seed=784 best_J=0.0278097 elapsed=177.0m eta=88.0m
[685/1024] run=685 seed=785 best_J=0.0280127 elapsed=177.2m eta=87.7m
[686/1024] run=686 seed=786 best_J=0.0262257 elapsed=177.2m eta=87.3m
[687/1024] run=687 seed=787 best_J=0.0241881 elapsed=177.7m eta=87.2m
[688/1024] run=688 seed=788 best_J=0.0254776 elapsed=177.9m eta=86.9m
[689/1024] run=689 seed=789 best_J=0.0260806 elapsed=180.3m eta=87.7m
[690/1024] run=690 seed=790 best_J=0.0234269 elapsed=180.5m eta=87.4m
[691/1024] run=693 seed=793 best_J=0.0282962 elapsed=180.6m eta=87.0m
[692/1024] run=695 seed=795 best_J=0.026187 elapsed=180.6m eta=86.6m
[693/1024] run=692 seed=792 best_J=0.0275205 elapsed=180.6m eta=86.3m
[694/1024] run=691 seed=791 best_J=0.0246534 elapsed=180.6m eta=85.9m
[695/1024] run=694 seed=794 best_J=0.0251924 elapsed=180.6m eta=85.5m
[696/1024] run=696 seed=796 best_J=0.0258327 elapsed=180.7m eta=85.2m
[697/1024] run=697 seed=797 best_J=0.0256591 elapsed=181.0m eta=84.9m
[698/1024] run=700 seed=800 best_J=0.0242709 elapsed=181.1m eta=84.6m
[699/1024] run=698 seed=798 best_J=0.0265426 elapsed=181.1m eta=84.2m
[700/1024] run=702 seed=802 best_J=0.026402 elapsed=181.1m eta=83.8m
[701/1024] run=699 seed=799 best_J=0.0262726 elapsed=181.2m eta=83.5m
[702/1024] run=701 seed=801 best_J=0.0273144 elapsed=181.2m eta=83.1m
[703/1024] run=703 seed=803 best_J=0.0255888 elapsed=181.9m eta=83.1m
[704/1024] run=704 seed=804 best_J=0.0288007 elapsed=182.0m eta=82.7m
[705/1024] run=705 seed=805 best_J=0.027239 elapsed=184.4m eta=83.4m
[706/1024] run=708 seed=808 best_J=0.025044 elapsed=184.6m eta=83.1m
[707/1024] run=707 seed=807 best_J=0.0236453 elapsed=184.6m eta=82.8m
[708/1024] run=706 seed=806 best_J=0.0254325 elapsed=184.6m eta=82.4m
[709/1024] run=709 seed=809 best_J=0.0257358 elapsed=184.7m eta=82.1m
[710/1024] run=711 seed=811 best_J=0.0276928 elapsed=184.7m eta=81.7m
[711/1024] run=710 seed=810 best_J=0.0274961 elapsed=184.8m eta=81.4m
[712/1024] run=712 seed=812 best_J=0.0242007 elapsed=184.8m eta=81.0m
[713/1024] run=714 seed=814 best_J=0.0262037 elapsed=185.1m eta=80.7m
[714/1024] run=713 seed=813 best_J=0.0248662 elapsed=185.1m eta=80.4m
[715/1024] run=715 seed=815 best_J=0.0255397 elapsed=185.2m eta=80.0m
[716/1024] run=716 seed=816 best_J=0.0278685 elapsed=185.2m eta=79.7m
[717/1024] run=718 seed=818 best_J=0.0248877 elapsed=185.3m eta=79.4m
[718/1024] run=717 seed=817 best_J=0.0258986 elapsed=185.4m eta=79.0m
[719/1024] run=719 seed=819 best_J=0.0256278 elapsed=186.0m eta=78.9m
[720/1024] run=720 seed=820 best_J=0.0258103 elapsed=186.1m eta=78.6m
[721/1024] run=722 seed=822 best_J=0.024089 elapsed=188.6m eta=79.2m
[722/1024] run=721 seed=821 best_J=0.0259494 elapsed=188.6m eta=78.9m
[723/1024] run=723 seed=823 best_J=0.0247756 elapsed=188.7m eta=78.5m
[724/1024] run=724 seed=824 best_J=0.0272661 elapsed=188.8m eta=78.2m
[725/1024] run=728 seed=828 best_J=0.0263413 elapsed=188.8m eta=77.9m
[726/1024] run=727 seed=827 best_J=0.0259752 elapsed=188.9m eta=77.5m
[727/1024] run=725 seed=825 best_J=0.0269826 elapsed=188.9m eta=77.2m
[728/1024] run=726 seed=826 best_J=0.0259228 elapsed=189.0m eta=76.8m
[729/1024] run=730 seed=830 best_J=0.0269319 elapsed=189.2m eta=76.5m
[730/1024] run=731 seed=831 best_J=0.0259388 elapsed=189.2m eta=76.2m
[731/1024] run=732 seed=832 best_J=0.0260851 elapsed=189.3m eta=75.9m
[732/1024] run=729 seed=829 best_J=0.0258197 elapsed=189.3m eta=75.5m
[733/1024] run=733 seed=833 best_J=0.028432 elapsed=189.4m eta=75.2m
[734/1024] run=734 seed=834 best_J=0.027713 elapsed=189.5m eta=74.9m
[735/1024] run=735 seed=835 best_J=0.0246652 elapsed=190.1m eta=74.8m
[736/1024] run=736 seed=836 best_J=0.0255926 elapsed=190.2m eta=74.4m
[737/1024] run=737 seed=837 best_J=0.0255754 elapsed=192.5m eta=75.0m
[738/1024] run=738 seed=838 best_J=0.0272281 elapsed=192.7m eta=74.7m
[739/1024] run=740 seed=840 best_J=0.0274491 elapsed=192.8m eta=74.4m
[740/1024] run=739 seed=839 best_J=0.0271301 elapsed=192.9m eta=74.0m
[741/1024] run=741 seed=841 best_J=0.0260963 elapsed=192.9m eta=73.7m
[742/1024] run=742 seed=842 best_J=0.0256836 elapsed=193.0m eta=73.4m
[743/1024] run=743 seed=843 best_J=0.0238076 elapsed=193.0m eta=73.0m
[744/1024] run=744 seed=844 best_J=0.0262505 elapsed=193.1m eta=72.7m
[745/1024] run=745 seed=845 best_J=0.0264558 elapsed=193.3m eta=72.4m
[746/1024] run=748 seed=848 best_J=0.0258921 elapsed=193.3m eta=72.1m
[747/1024] run=746 seed=846 best_J=0.0250745 elapsed=193.4m eta=71.7m
[748/1024] run=747 seed=847 best_J=0.0268863 elapsed=193.5m eta=71.4m
[749/1024] run=749 seed=849 best_J=0.0253208 elapsed=193.5m eta=71.0m
[750/1024] run=750 seed=850 best_J=0.0271024 elapsed=193.7m eta=70.7m
[751/1024] run=752 seed=852 best_J=0.0267043 elapsed=194.2m eta=70.6m
[752/1024] run=751 seed=851 best_J=0.0254261 elapsed=194.3m eta=70.3m
[753/1024] run=753 seed=853 best_J=0.0273594 elapsed=196.7m eta=70.8m
[754/1024] run=754 seed=854 best_J=0.0259898 elapsed=196.9m eta=70.5m
[755/1024] run=756 seed=856 best_J=0.0254317 elapsed=196.9m eta=70.1m
[756/1024] run=755 seed=855 best_J=0.0283633 elapsed=196.9m eta=69.8m
[757/1024] run=757 seed=857 best_J=0.0273834 elapsed=197.0m eta=69.5m
[758/1024] run=758 seed=858 best_J=0.0261896 elapsed=197.1m eta=69.2m
[759/1024] run=759 seed=859 best_J=0.0254944 elapsed=197.2m eta=68.8m
[760/1024] run=760 seed=860 best_J=0.0265632 elapsed=197.2m eta=68.5m
[761/1024] run=761 seed=861 best_J=0.0264737 elapsed=197.5m eta=68.2m
[762/1024] run=762 seed=862 best_J=0.02586 elapsed=197.5m eta=67.9m
[763/1024] run=765 seed=865 best_J=0.0255014 elapsed=197.6m eta=67.6m
[764/1024] run=763 seed=863 best_J=0.0253731 elapsed=197.6m eta=67.2m
[765/1024] run=764 seed=864 best_J=0.0254734 elapsed=197.7m eta=66.9m
[766/1024] run=766 seed=866 best_J=0.0244825 elapsed=197.8m eta=66.6m
[767/1024] run=767 seed=867 best_J=0.0244977 elapsed=198.3m eta=66.4m
[768/1024] run=768 seed=868 best_J=0.0267331 elapsed=198.4m eta=66.1m
[769/1024] run=769 seed=869 best_J=0.0270563 elapsed=200.8m eta=66.6m
[770/1024] run=773 seed=873 best_J=0.0261786 elapsed=200.9m eta=66.3m
[771/1024] run=772 seed=872 best_J=0.0268338 elapsed=200.9m eta=65.9m
[772/1024] run=770 seed=870 best_J=0.024107 elapsed=201.0m eta=65.6m
[773/1024] run=771 seed=871 best_J=0.0280614 elapsed=201.1m eta=65.3m
[774/1024] run=774 seed=874 best_J=0.0259274 elapsed=201.2m eta=65.0m
[775/1024] run=775 seed=875 best_J=0.0246469 elapsed=201.3m eta=64.7m
[776/1024] run=776 seed=876 best_J=0.0269463 elapsed=201.3m eta=64.3m
[777/1024] run=779 seed=879 best_J=0.0254842 elapsed=201.5m eta=64.1m
[778/1024] run=777 seed=877 best_J=0.0265614 elapsed=201.6m eta=63.7m
[779/1024] run=778 seed=878 best_J=0.0240762 elapsed=201.6m eta=63.4m
[780/1024] run=780 seed=880 best_J=0.0263227 elapsed=201.6m eta=63.1m
[781/1024] run=781 seed=881 best_J=0.0283233 elapsed=201.8m eta=62.8m
[782/1024] run=782 seed=882 best_J=0.0265808 elapsed=201.8m eta=62.5m
[783/1024] run=783 seed=883 best_J=0.0252633 elapsed=202.4m eta=62.3m
[784/1024] run=784 seed=884 best_J=0.0270825 elapsed=202.4m eta=62.0m
[785/1024] run=785 seed=885 best_J=0.0251634 elapsed=204.9m eta=62.4m
[786/1024] run=787 seed=887 best_J=0.0255666 elapsed=205.0m eta=62.1m
[787/1024] run=786 seed=886 best_J=0.0263994 elapsed=205.1m eta=61.8m
[788/1024] run=788 seed=888 best_J=0.0256292 elapsed=205.1m eta=61.4m
[789/1024] run=789 seed=889 best_J=0.0245067 elapsed=205.1m eta=61.1m
[790/1024] run=790 seed=890 best_J=0.028387 elapsed=205.3m eta=60.8m
[791/1024] run=791 seed=891 best_J=0.0258439 elapsed=205.4m eta=60.5m
[792/1024] run=792 seed=892 best_J=0.0242775 elapsed=205.4m eta=60.2m
[793/1024] run=796 seed=896 best_J=0.0283858 elapsed=205.5m eta=59.9m
[794/1024] run=793 seed=893 best_J=0.0245093 elapsed=205.6m eta=59.6m
[795/1024] run=795 seed=895 best_J=0.0257615 elapsed=205.6m eta=59.2m
[796/1024] run=794 seed=894 best_J=0.0255023 elapsed=205.6m eta=58.9m
[797/1024] run=797 seed=897 best_J=0.0267412 elapsed=205.9m eta=58.7m
[798/1024] run=798 seed=898 best_J=0.0234542 elapsed=206.0m eta=58.3m
[799/1024] run=799 seed=899 best_J=0.02607 elapsed=206.5m eta=58.2m
[800/1024] run=800 seed=900 best_J=0.0250818 elapsed=206.7m eta=57.9m
[801/1024] run=801 seed=901 best_J=0.0266293 elapsed=209.0m eta=58.2m
[802/1024] run=802 seed=902 best_J=0.0259652 elapsed=209.2m eta=57.9m
[803/1024] run=805 seed=905 best_J=0.0265368 elapsed=209.2m eta=57.6m
[804/1024] run=804 seed=904 best_J=0.0280286 elapsed=209.2m eta=57.2m
[805/1024] run=803 seed=903 best_J=0.0271729 elapsed=209.3m eta=56.9m
[806/1024] run=807 seed=907 best_J=0.0264775 elapsed=209.4m eta=56.6m
[807/1024] run=806 seed=906 best_J=0.0253627 elapsed=209.5m eta=56.3m
[808/1024] run=808 seed=908 best_J=0.027511 elapsed=209.5m eta=56.0m
[809/1024] run=809 seed=909 best_J=0.0272855 elapsed=209.6m eta=55.7m
[810/1024] run=812 seed=912 best_J=0.0245367 elapsed=209.6m eta=55.4m
[811/1024] run=810 seed=910 best_J=0.02856 elapsed=209.7m eta=55.1m
[812/1024] run=811 seed=911 best_J=0.0254016 elapsed=209.8m eta=54.8m
[813/1024] run=814 seed=914 best_J=0.025487 elapsed=210.0m eta=54.5m
[814/1024] run=813 seed=913 best_J=0.0270742 elapsed=210.0m eta=54.2m
[815/1024] run=815 seed=915 best_J=0.0266142 elapsed=210.6m eta=54.0m
[816/1024] run=816 seed=916 best_J=0.0264671 elapsed=210.9m eta=53.8m
[817/1024] run=817 seed=917 best_J=0.0258678 elapsed=213.2m eta=54.0m
[818/1024] run=819 seed=919 best_J=0.0250963 elapsed=213.3m eta=53.7m
[819/1024] run=823 seed=923 best_J=0.0249868 elapsed=213.3m eta=53.4m
[820/1024] run=821 seed=921 best_J=0.025816 elapsed=213.3m eta=53.1m
[821/1024] run=820 seed=920 best_J=0.0271687 elapsed=213.3m eta=52.7m
[822/1024] run=818 seed=918 best_J=0.0280062 elapsed=213.4m eta=52.4m
[823/1024] run=822 seed=922 best_J=0.0256445 elapsed=213.6m eta=52.2m
[824/1024] run=824 seed=924 best_J=0.0253768 elapsed=213.7m eta=51.9m
[825/1024] run=827 seed=927 best_J=0.025082 elapsed=213.7m eta=51.5m
[826/1024] run=825 seed=925 best_J=0.0265655 elapsed=213.7m eta=51.2m
[827/1024] run=826 seed=926 best_J=0.0268317 elapsed=213.7m eta=50.9m
[828/1024] run=828 seed=928 best_J=0.0266979 elapsed=213.9m eta=50.6m
[829/1024] run=829 seed=929 best_J=0.0237333 elapsed=214.1m eta=50.4m
[830/1024] run=830 seed=930 best_J=0.0257572 elapsed=214.2m eta=50.1m
[831/1024] run=831 seed=931 best_J=0.0258533 elapsed=214.6m eta=49.8m
[832/1024] run=832 seed=932 best_J=0.0240059 elapsed=215.0m eta=49.6m
[833/1024] run=833 seed=933 best_J=0.0261258 elapsed=217.3m eta=49.8m
[834/1024] run=835 seed=935 best_J=0.0255808 elapsed=217.3m eta=49.5m
[835/1024] run=836 seed=936 best_J=0.0259753 elapsed=217.4m eta=49.2m
[836/1024] run=837 seed=937 best_J=0.026183 elapsed=217.4m eta=48.9m
[837/1024] run=834 seed=934 best_J=0.0253645 elapsed=217.4m eta=48.6m
[838/1024] run=838 seed=938 best_J=0.0258794 elapsed=217.5m eta=48.3m
[839/1024] run=839 seed=939 best_J=0.0277579 elapsed=217.7m eta=48.0m
[840/1024] run=841 seed=941 best_J=0.024668 elapsed=217.7m eta=47.7m
[841/1024] run=840 seed=940 best_J=0.0261788 elapsed=217.8m eta=47.4m
[842/1024] run=842 seed=942 best_J=0.0254392 elapsed=217.8m eta=47.1m
[843/1024] run=843 seed=943 best_J=0.026248 elapsed=218.0m eta=46.8m
[844/1024] run=844 seed=944 best_J=0.023551 elapsed=218.0m eta=46.5m
[845/1024] run=846 seed=946 best_J=0.0254035 elapsed=218.2m eta=46.2m
[846/1024] run=845 seed=945 best_J=0.0261415 elapsed=218.3m eta=45.9m
[847/1024] run=847 seed=947 best_J=0.0260355 elapsed=218.8m eta=45.7m
[848/1024] run=848 seed=948 best_J=0.0262922 elapsed=219.2m eta=45.5m
[849/1024] run=849 seed=949 best_J=0.0255937 elapsed=221.4m eta=45.6m
[850/1024] run=850 seed=950 best_J=0.0257479 elapsed=221.4m eta=45.3m
[851/1024] run=851 seed=951 best_J=0.0253025 elapsed=221.4m eta=45.0m
[852/1024] run=852 seed=952 best_J=0.0241101 elapsed=221.5m eta=44.7m
[853/1024] run=853 seed=953 best_J=0.0250438 elapsed=221.6m eta=44.4m
[854/1024] run=854 seed=954 best_J=0.0245928 elapsed=221.7m eta=44.1m
[855/1024] run=856 seed=956 best_J=0.0275989 elapsed=221.8m eta=43.8m
[856/1024] run=855 seed=955 best_J=0.0248516 elapsed=221.9m eta=43.5m
[857/1024] run=858 seed=958 best_J=0.0242609 elapsed=221.9m eta=43.2m
[858/1024] run=857 seed=957 best_J=0.024125 elapsed=222.0m eta=42.9m
[859/1024] run=859 seed=959 best_J=0.0265561 elapsed=222.0m eta=42.6m
[860/1024] run=860 seed=960 best_J=0.0248421 elapsed=222.2m eta=42.4m
[861/1024] run=861 seed=961 best_J=0.025029 elapsed=222.4m eta=42.1m
[862/1024] run=862 seed=962 best_J=0.0235309 elapsed=222.4m eta=41.8m
[863/1024] run=863 seed=963 best_J=0.029406 elapsed=222.8m eta=41.6m
[864/1024] run=864 seed=964 best_J=0.0280075 elapsed=223.2m eta=41.3m
[865/1024] run=865 seed=965 best_J=0.0259417 elapsed=225.5m eta=41.4m
[866/1024] run=867 seed=967 best_J=0.0264053 elapsed=225.5m eta=41.1m
[867/1024] run=868 seed=968 best_J=0.0261372 elapsed=225.5m eta=40.8m
[868/1024] run=866 seed=966 best_J=0.0249129 elapsed=225.6m eta=40.5m
[869/1024] run=870 seed=970 best_J=0.0244955 elapsed=225.7m eta=40.3m
[870/1024] run=869 seed=969 best_J=0.0245761 elapsed=225.7m eta=40.0m
[871/1024] run=871 seed=971 best_J=0.0242172 elapsed=225.9m eta=39.7m
[872/1024] run=872 seed=972 best_J=0.026226 elapsed=226.0m eta=39.4m
[873/1024] run=873 seed=973 best_J=0.0267711 elapsed=226.0m eta=39.1m
[874/1024] run=874 seed=974 best_J=0.0259895 elapsed=226.1m eta=38.8m
[875/1024] run=875 seed=975 best_J=0.0243419 elapsed=226.1m eta=38.5m
[876/1024] run=876 seed=976 best_J=0.0231306 elapsed=226.2m eta=38.2m
[877/1024] run=877 seed=977 best_J=0.0256847 elapsed=226.4m eta=38.0m
[878/1024] run=878 seed=978 best_J=0.0276026 elapsed=226.6m eta=37.7m
[879/1024] run=879 seed=979 best_J=0.0258761 elapsed=227.0m eta=37.4m
[880/1024] run=880 seed=980 best_J=0.0259195 elapsed=227.3m eta=37.2m
[881/1024] run=883 seed=983 best_J=0.0276488 elapsed=229.6m eta=37.3m
[882/1024] run=881 seed=981 best_J=0.0275265 elapsed=229.6m eta=37.0m
[883/1024] run=882 seed=982 best_J=0.0256916 elapsed=229.7m eta=36.7m
[884/1024] run=884 seed=984 best_J=0.0274201 elapsed=229.7m eta=36.4m
[885/1024] run=886 seed=986 best_J=0.0275397 elapsed=229.8m eta=36.1m
[886/1024] run=885 seed=985 best_J=0.0265133 elapsed=229.9m eta=35.8m
[887/1024] run=887 seed=987 best_J=0.0256608 elapsed=230.0m eta=35.5m
[888/1024] run=889 seed=989 best_J=0.0280595 elapsed=230.1m eta=35.2m
[889/1024] run=888 seed=988 best_J=0.0257051 elapsed=230.1m eta=34.9m
[890/1024] run=890 seed=990 best_J=0.026758 elapsed=230.1m eta=34.6m
[891/1024] run=891 seed=991 best_J=0.0251106 elapsed=230.3m eta=34.4m
[892/1024] run=892 seed=992 best_J=0.0261845 elapsed=230.3m eta=34.1m
[893/1024] run=893 seed=993 best_J=0.0257954 elapsed=230.6m eta=33.8m
[894/1024] run=894 seed=994 best_J=0.0265022 elapsed=230.8m eta=33.6m
[895/1024] run=895 seed=995 best_J=0.0266211 elapsed=231.0m eta=33.3m
[896/1024] run=896 seed=996 best_J=0.0288719 elapsed=231.4m eta=33.1m
[897/1024] run=897 seed=997 best_J=0.0259217 elapsed=233.7m eta=33.1m
[898/1024] run=898 seed=998 best_J=0.0260273 elapsed=233.7m eta=32.8m
[899/1024] run=899 seed=999 best_J=0.0276978 elapsed=233.8m eta=32.5m
[900/1024] run=901 seed=1001 best_J=0.0277374 elapsed=233.8m eta=32.2m
[901/1024] run=900 seed=1000 best_J=0.026699 elapsed=233.9m eta=31.9m
[902/1024] run=902 seed=1002 best_J=0.0260873 elapsed=234.0m eta=31.6m
[903/1024] run=904 seed=1004 best_J=0.0253478 elapsed=234.1m eta=31.4m
[904/1024] run=903 seed=1003 best_J=0.0253764 elapsed=234.1m eta=31.1m
[905/1024] run=905 seed=1005 best_J=0.0250127 elapsed=234.1m eta=30.8m
[906/1024] run=906 seed=1006 best_J=0.0258963 elapsed=234.2m eta=30.5m
[907/1024] run=907 seed=1007 best_J=0.0264827 elapsed=234.4m eta=30.2m
[908/1024] run=908 seed=1008 best_J=0.0243666 elapsed=234.4m eta=29.9m
[909/1024] run=909 seed=1009 best_J=0.0244656 elapsed=234.8m eta=29.7m
[910/1024] run=910 seed=1010 best_J=0.0259951 elapsed=234.9m eta=29.4m
[911/1024] run=911 seed=1011 best_J=0.024518 elapsed=235.1m eta=29.2m
[912/1024] run=912 seed=1012 best_J=0.0263925 elapsed=235.4m eta=28.9m
[913/1024] run=914 seed=1014 best_J=0.0252451 elapsed=237.8m eta=28.9m
[914/1024] run=913 seed=1013 best_J=0.0262287 elapsed=237.8m eta=28.6m
[915/1024] run=915 seed=1015 best_J=0.0274995 elapsed=237.8m eta=28.3m
[916/1024] run=916 seed=1016 best_J=0.0254854 elapsed=238.0m eta=28.1m
[917/1024] run=918 seed=1018 best_J=0.0272479 elapsed=238.0m eta=27.8m
[918/1024] run=920 seed=1020 best_J=0.026346 elapsed=238.1m eta=27.5m
[919/1024] run=917 seed=1017 best_J=0.0267123 elapsed=238.1m eta=27.2m
[920/1024] run=921 seed=1021 best_J=0.0247717 elapsed=238.3m eta=26.9m
[921/1024] run=922 seed=1022 best_J=0.025593 elapsed=238.3m eta=26.6m
[922/1024] run=919 seed=1019 best_J=0.0265676 elapsed=238.3m eta=26.4m
[923/1024] run=923 seed=1023 best_J=0.025832 elapsed=238.4m eta=26.1m
[924/1024] run=924 seed=1024 best_J=0.0248519 elapsed=238.5m eta=25.8m
[925/1024] run=925 seed=1025 best_J=0.0265295 elapsed=238.8m eta=25.6m
[926/1024] run=926 seed=1026 best_J=0.0276962 elapsed=239.1m eta=25.3m
[927/1024] run=927 seed=1027 best_J=0.024878 elapsed=239.2m eta=25.0m
[928/1024] run=928 seed=1028 best_J=0.0257648 elapsed=239.5m eta=24.8m
[929/1024] run=929 seed=1029 best_J=0.0241867 elapsed=241.9m eta=24.7m
[930/1024] run=930 seed=1030 best_J=0.0277492 elapsed=241.9m eta=24.5m
[931/1024] run=931 seed=1031 best_J=0.0258248 elapsed=241.9m eta=24.2m
[932/1024] run=932 seed=1032 best_J=0.0275292 elapsed=242.1m eta=23.9m
[933/1024] run=933 seed=1033 best_J=0.0267494 elapsed=242.1m eta=23.6m
[934/1024] run=935 seed=1035 best_J=0.0259658 elapsed=242.3m eta=23.3m
[935/1024] run=936 seed=1036 best_J=0.0279007 elapsed=242.3m eta=23.1m
[936/1024] run=934 seed=1034 best_J=0.0286208 elapsed=242.3m eta=22.8m
[937/1024] run=937 seed=1037 best_J=0.0249963 elapsed=242.3m eta=22.5m
[938/1024] run=938 seed=1038 best_J=0.0253387 elapsed=242.4m eta=22.2m
[939/1024] run=939 seed=1039 best_J=0.0257369 elapsed=242.5m eta=22.0m
[940/1024] run=940 seed=1040 best_J=0.0272701 elapsed=242.6m eta=21.7m
[941/1024] run=941 seed=1041 best_J=0.0263255 elapsed=243.0m eta=21.4m
[942/1024] run=942 seed=1042 best_J=0.0273983 elapsed=243.1m eta=21.2m
[943/1024] run=943 seed=1043 best_J=0.025224 elapsed=243.3m eta=20.9m
[944/1024] run=944 seed=1044 best_J=0.0234534 elapsed=243.5m eta=20.6m
[945/1024] run=947 seed=1047 best_J=0.0280928 elapsed=246.0m eta=20.6m
[946/1024] run=945 seed=1045 best_J=0.0282863 elapsed=246.0m eta=20.3m
[947/1024] run=946 seed=1046 best_J=0.0258727 elapsed=246.1m eta=20.0m
[948/1024] run=949 seed=1049 best_J=0.0271418 elapsed=246.2m eta=19.7m
[949/1024] run=948 seed=1048 best_J=0.0261025 elapsed=246.2m eta=19.5m
[950/1024] run=951 seed=1051 best_J=0.0250149 elapsed=246.3m eta=19.2m
[951/1024] run=950 seed=1050 best_J=0.0273571 elapsed=246.3m eta=18.9m
[952/1024] run=952 seed=1052 best_J=0.0273509 elapsed=246.4m eta=18.6m
[953/1024] run=953 seed=1053 best_J=0.0266043 elapsed=246.4m eta=18.4m
[954/1024] run=954 seed=1054 best_J=0.0272924 elapsed=246.6m eta=18.1m
[955/1024] run=956 seed=1056 best_J=0.0270272 elapsed=246.7m eta=17.8m
[956/1024] run=955 seed=1055 best_J=0.0256975 elapsed=246.7m eta=17.5m
[957/1024] run=957 seed=1057 best_J=0.0247082 elapsed=247.1m eta=17.3m
[958/1024] run=958 seed=1058 best_J=0.0250718 elapsed=247.1m eta=17.0m
[959/1024] run=959 seed=1059 best_J=0.0285284 elapsed=247.5m eta=16.8m
[960/1024] run=960 seed=1060 best_J=0.0257923 elapsed=247.7m eta=16.5m
[961/1024] run=962 seed=1062 best_J=0.0247463 elapsed=249.9m eta=16.4m
[962/1024] run=961 seed=1061 best_J=0.0257877 elapsed=250.0m eta=16.1m
[963/1024] run=963 seed=1063 best_J=0.027154 elapsed=250.1m eta=15.8m
[964/1024] run=964 seed=1064 best_J=0.0272796 elapsed=250.1m eta=15.6m
[965/1024] run=965 seed=1065 best_J=0.0255949 elapsed=250.3m eta=15.3m
[966/1024] run=969 seed=1069 best_J=0.0252932 elapsed=250.3m eta=15.0m
[967/1024] run=966 seed=1066 best_J=0.0261993 elapsed=250.4m eta=14.8m
[968/1024] run=967 seed=1067 best_J=0.0244496 elapsed=250.5m eta=14.5m
[969/1024] run=968 seed=1068 best_J=0.0268732 elapsed=250.5m eta=14.2m
[970/1024] run=970 seed=1070 best_J=0.0263823 elapsed=250.7m eta=14.0m
[971/1024] run=971 seed=1071 best_J=0.0252003 elapsed=250.7m eta=13.7m
[972/1024] run=972 seed=1072 best_J=0.0264254 elapsed=250.8m eta=13.4m
[973/1024] run=974 seed=1074 best_J=0.0240663 elapsed=251.2m eta=13.2m
[974/1024] run=973 seed=1073 best_J=0.0265848 elapsed=251.2m eta=12.9m
[975/1024] run=975 seed=1075 best_J=0.0244769 elapsed=251.5m eta=12.6m
[976/1024] run=976 seed=1076 best_J=0.0251351 elapsed=251.8m eta=12.4m
[977/1024] run=977 seed=1077 best_J=0.0264534 elapsed=253.9m eta=12.2m
[978/1024] run=978 seed=1078 best_J=0.027051 elapsed=254.1m eta=12.0m
[979/1024] run=979 seed=1079 best_J=0.0262908 elapsed=254.3m eta=11.7m
[980/1024] run=981 seed=1081 best_J=0.0272125 elapsed=254.3m eta=11.4m
[981/1024] run=980 seed=1080 best_J=0.0245658 elapsed=254.3m eta=11.1m
[982/1024] run=984 seed=1084 best_J=0.0264609 elapsed=254.4m eta=10.9m
[983/1024] run=982 seed=1082 best_J=0.0258256 elapsed=254.4m eta=10.6m
[984/1024] run=985 seed=1085 best_J=0.0278445 elapsed=254.5m eta=10.3m
[985/1024] run=983 seed=1083 best_J=0.0245961 elapsed=254.5m eta=10.1m
[986/1024] run=986 seed=1086 best_J=0.0265366 elapsed=254.8m eta=9.8m
[987/1024] run=988 seed=1088 best_J=0.0254825 elapsed=254.9m eta=9.6m
[988/1024] run=987 seed=1087 best_J=0.0261745 elapsed=254.9m eta=9.3m
[989/1024] run=990 seed=1090 best_J=0.0282735 elapsed=255.3m eta=9.0m
[990/1024] run=989 seed=1089 best_J=0.0268197 elapsed=255.4m eta=8.8m
[991/1024] run=991 seed=1091 best_J=0.027828 elapsed=255.7m eta=8.5m
[992/1024] run=992 seed=1092 best_J=0.0244788 elapsed=255.9m eta=8.3m
[993/1024] run=993 seed=1093 best_J=0.0250504 elapsed=258.1m eta=8.1m
[994/1024] run=994 seed=1094 best_J=0.0253866 elapsed=258.2m eta=7.8m
[995/1024] run=995 seed=1095 best_J=0.0226892 elapsed=258.3m eta=7.5m
[996/1024] run=996 seed=1096 best_J=0.0256583 elapsed=258.4m eta=7.3m
[997/1024] run=997 seed=1097 best_J=0.0267374 elapsed=258.4m eta=7.0m
[998/1024] run=998 seed=1098 best_J=0.0247881 elapsed=258.5m eta=6.7m
[999/1024] run=999 seed=1099 best_J=0.0252573 elapsed=258.6m eta=6.5m
[1000/1024] run=1001 seed=1101 best_J=0.02702 elapsed=258.6m eta=6.2m
[1001/1024] run=1000 seed=1100 best_J=0.0248897 elapsed=258.6m eta=5.9m
[1002/1024] run=1002 seed=1102 best_J=0.0254131 elapsed=258.9m eta=5.7m
[1003/1024] run=1003 seed=1103 best_J=0.0274651 elapsed=258.9m eta=5.4m
[1004/1024] run=1004 seed=1104 best_J=0.0243139 elapsed=259.0m eta=5.2m
[1005/1024] run=1005 seed=1105 best_J=0.0259877 elapsed=259.3m eta=4.9m
[1006/1024] run=1006 seed=1106 best_J=0.0282442 elapsed=259.4m eta=4.6m
[1007/1024] run=1007 seed=1107 best_J=0.0272857 elapsed=259.7m eta=4.4m
[1008/1024] run=1008 seed=1108 best_J=0.024945 elapsed=260.1m eta=4.1m
[1009/1024] run=1009 seed=1109 best_J=0.0238682 elapsed=262.1m eta=3.9m
[1010/1024] run=1010 seed=1110 best_J=0.0255385 elapsed=262.3m eta=3.6m
[1011/1024] run=1011 seed=1111 best_J=0.0255755 elapsed=262.4m eta=3.4m
[1012/1024] run=1012 seed=1112 best_J=0.024467 elapsed=262.4m eta=3.1m
[1013/1024] run=1013 seed=1113 best_J=0.0249698 elapsed=262.5m eta=2.9m
[1014/1024] run=1014 seed=1114 best_J=0.0266654 elapsed=262.5m eta=2.6m
[1015/1024] run=1015 seed=1115 best_J=0.0245974 elapsed=262.6m eta=2.3m
[1016/1024] run=1017 seed=1117 best_J=0.027023 elapsed=262.7m eta=2.1m
[1017/1024] run=1016 seed=1116 best_J=0.0262048 elapsed=262.7m eta=1.8m
[1018/1024] run=1019 seed=1119 best_J=0.02595 elapsed=262.8m eta=1.5m
[1019/1024] run=1018 seed=1118 best_J=0.025537 elapsed=263.0m eta=1.3m
[1020/1024] run=1020 seed=1120 best_J=0.0251632 elapsed=263.0m eta=1.0m
[1021/1024] run=1021 seed=1121 best_J=0.0238565 elapsed=263.2m eta=0.8m
[1022/1024] run=1022 seed=1122 best_J=0.026351 elapsed=263.3m eta=0.5m
[1023/1024] run=1023 seed=1123 best_J=0.0275011 elapsed=263.4m eta=0.3m
[1024/1024] run=1024 seed=1124 best_J=0.0252722 elapsed=263.9m eta=0.0m
Done: 1024 runs finished in 263.9 minutes
End: Fri Apr 17 06:21:33 CDT 2026
